{"C:\\Users\\Geryon\\SeegmaV2\\App.js": {"path":"C:\\Users\\Geryon\\SeegmaV2\\App.js","statementMap":{"0":{"start":{"line":11,"column":32},"end":{"line":11,"column":47}},"1":{"start":{"line":12,"column":28},"end":{"line":12,"column":47}},"2":{"start":{"line":13,"column":28},"end":{"line":13,"column":43}},"3":{"start":{"line":14,"column":26},"end":{"line":14,"column":45}},"4":{"start":{"line":16,"column":2},"end":{"line":23,"column":2}}},"fnMap":{"0":{"name":"App","decl":{"start":{"line":10,"column":24},"end":{"line":10,"column":27}},"loc":{"start":{"line":10,"column":29},"end":{"line":24,"column":1}},"line":10}},"branchMap":{},"s":{"0":1,"1":1,"2":1,"3":1,"4":1},"f":{"0":1},"b":{},"_coverageSchema":"1a1c01bbd47fc00a2c39e90264f33305004495a9","hash":"a7dc4c81bdb384a140d4b2ceb909a992012edef3"}
,"C:\\Users\\Geryon\\SeegmaV2\\components\\input.js": {"path":"C:\\Users\\Geryon\\SeegmaV2\\components\\input.js","statementMap":{"0":{"start":{"line":20,"column":8},"end":{"line":20,"column":21}},"1":{"start":{"line":21,"column":8},"end":{"line":21,"column":57}},"2":{"start":{"line":25,"column":8},"end":{"line":25,"column":34}},"3":{"start":{"line":32,"column":8},"end":{"line":46,"column":10}},"4":{"start":{"line":37,"column":38},"end":{"line":37,"column":61}}},"fnMap":{"0":{"name":"(anonymous_0)","decl":{"start":{"line":19,"column":4},"end":{"line":19,"column":5}},"loc":{"start":{"line":19,"column":23},"end":{"line":22,"column":5}},"line":19},"1":{"name":"(anonymous_1)","decl":{"start":{"line":24,"column":4},"end":{"line":24,"column":5}},"loc":{"start":{"line":24,"column":24},"end":{"line":26,"column":5}},"line":24},"2":{"name":"(anonymous_2)","decl":{"start":{"line":30,"column":4},"end":{"line":30,"column":5}},"loc":{"start":{"line":30,"column":13},"end":{"line":47,"column":5}},"line":30},"3":{"name":"(anonymous_3)","decl":{"start":{"line":37,"column":30},"end":{"line":37,"column":31}},"loc":{"start":{"line":37,"column":38},"end":{"line":37,"column":61}},"line":37}},"branchMap":{},"s":{"0":6,"1":6,"2":2,"3":10,"4":2},"f":{"0":6,"1":2,"2":10,"3":2},"b":{},"_coverageSchema":"1a1c01bbd47fc00a2c39e90264f33305004495a9","hash":"25c91530393fe17426d8198ca5d01aadd1e95784"}
,"C:\\Users\\Geryon\\SeegmaV2\\page\\details_view.js": {"path":"C:\\Users\\Geryon\\SeegmaV2\\page\\details_view.js","statementMap":{"0":{"start":{"line":7,"column":8},"end":{"line":7,"column":21}},"1":{"start":{"line":8,"column":8},"end":{"line":10,"column":9}},"2":{"start":{"line":14,"column":8},"end":{"line":17,"column":16}},"3":{"start":{"line":16,"column":34},"end":{"line":16,"column":64}}},"fnMap":{"0":{"name":"(anonymous_0)","decl":{"start":{"line":6,"column":4},"end":{"line":6,"column":5}},"loc":{"start":{"line":6,"column":22},"end":{"line":11,"column":5}},"line":6},"1":{"name":"(anonymous_1)","decl":{"start":{"line":13,"column":4},"end":{"line":13,"column":5}},"loc":{"start":{"line":13,"column":12},"end":{"line":18,"column":5}},"line":13},"2":{"name":"(anonymous_2)","decl":{"start":{"line":16,"column":28},"end":{"line":16,"column":29}},"loc":{"start":{"line":16,"column":34},"end":{"line":16,"column":64}},"line":16}},"branchMap":{},"s":{"0":0,"1":0,"2":0,"3":0},"f":{"0":0,"1":0,"2":0},"b":{},"_coverageSchema":"1a1c01bbd47fc00a2c39e90264f33305004495a9","hash":"734c7b3f287004eb8656bd880d661f3d458c0d19"}
,"C:\\Users\\Geryon\\SeegmaV2\\page\\nav.js": {"path":"C:\\Users\\Geryon\\SeegmaV2\\page\\nav.js","statementMap":{"0":{"start":{"line":28,"column":15},"end":{"line":28,"column":38}},"1":{"start":{"line":29,"column":14},"end":{"line":29,"column":36}},"2":{"start":{"line":30,"column":12},"end":{"line":30,"column":38}},"3":{"start":{"line":35,"column":15},"end":{"line":42,"column":5}},"4":{"start":{"line":36,"column":8},"end":{"line":41,"column":14}},"5":{"start":{"line":38,"column":69},"end":{"line":38,"column":115}},"6":{"start":{"line":39,"column":62},"end":{"line":39,"column":108}},"7":{"start":{"line":44,"column":14},"end":{"line":51,"column":5}},"8":{"start":{"line":45,"column":8},"end":{"line":50,"column":14}},"9":{"start":{"line":47,"column":59},"end":{"line":47,"column":102}},"10":{"start":{"line":48,"column":56},"end":{"line":48,"column":96}},"11":{"start":{"line":53,"column":15},"end":{"line":63,"column":5}},"12":{"start":{"line":54,"column":8},"end":{"line":62,"column":14}},"13":{"start":{"line":56,"column":56},"end":{"line":56,"column":96}},"14":{"start":{"line":57,"column":61},"end":{"line":57,"column":106}},"15":{"start":{"line":58,"column":64},"end":{"line":58,"column":112}},"16":{"start":{"line":59,"column":64},"end":{"line":59,"column":110}},"17":{"start":{"line":60,"column":62},"end":{"line":60,"column":106}},"18":{"start":{"line":65,"column":15},"end":{"line":72,"column":5}},"19":{"start":{"line":66,"column":8},"end":{"line":71,"column":14}},"20":{"start":{"line":68,"column":56},"end":{"line":68,"column":95}},"21":{"start":{"line":69,"column":55},"end":{"line":69,"column":99}},"22":{"start":{"line":74,"column":17},"end":{"line":82,"column":5}},"23":{"start":{"line":75,"column":8},"end":{"line":81,"column":13}},"24":{"start":{"line":77,"column":55},"end":{"line":77,"column":94}},"25":{"start":{"line":78,"column":56},"end":{"line":78,"column":96}},"26":{"start":{"line":79,"column":55},"end":{"line":79,"column":94}},"27":{"start":{"line":86,"column":14},"end":{"line":99,"column":5}},"28":{"start":{"line":87,"column":8},"end":{"line":98,"column":13}},"29":{"start":{"line":89,"column":53},"end":{"line":89,"column":154}},"30":{"start":{"line":91,"column":32},"end":{"line":95,"column":17}},"31":{"start":{"line":92,"column":39},"end":{"line":92,"column":43}},"32":{"start":{"line":94,"column":38},"end":{"line":94,"column":42}},"33":{"start":{"line":96,"column":30},"end":{"line":96,"column":131}},"34":{"start":{"line":101,"column":20},"end":{"line":109,"column":5}},"35":{"start":{"line":102,"column":8},"end":{"line":108,"column":9}},"36":{"start":{"line":114,"column":8},"end":{"line":144,"column":9}},"37":{"start":{"line":115,"column":16},"end":{"line":133,"column":21}},"38":{"start":{"line":117,"column":61},"end":{"line":117,"column":162}},"39":{"start":{"line":119,"column":40},"end":{"line":123,"column":25}},"40":{"start":{"line":120,"column":47},"end":{"line":120,"column":51}},"41":{"start":{"line":122,"column":46},"end":{"line":122,"column":50}},"42":{"start":{"line":125,"column":40},"end":{"line":129,"column":25}},"43":{"start":{"line":126,"column":47},"end":{"line":126,"column":51}},"44":{"start":{"line":128,"column":46},"end":{"line":128,"column":50}},"45":{"start":{"line":137,"column":12},"end":{"line":143,"column":17}},"46":{"start":{"line":139,"column":59},"end":{"line":139,"column":98}},"47":{"start":{"line":140,"column":60},"end":{"line":140,"column":100}},"48":{"start":{"line":141,"column":59},"end":{"line":141,"column":98}}},"fnMap":{"0":{"name":"(anonymous_0)","decl":{"start":{"line":35,"column":15},"end":{"line":35,"column":16}},"loc":{"start":{"line":35,"column":21},"end":{"line":42,"column":5}},"line":35},"1":{"name":"(anonymous_1)","decl":{"start":{"line":38,"column":60},"end":{"line":38,"column":61}},"loc":{"start":{"line":38,"column":69},"end":{"line":38,"column":115}},"line":38},"2":{"name":"(anonymous_2)","decl":{"start":{"line":39,"column":53},"end":{"line":39,"column":54}},"loc":{"start":{"line":39,"column":62},"end":{"line":39,"column":108}},"line":39},"3":{"name":"(anonymous_3)","decl":{"start":{"line":44,"column":14},"end":{"line":44,"column":15}},"loc":{"start":{"line":44,"column":20},"end":{"line":51,"column":5}},"line":44},"4":{"name":"(anonymous_4)","decl":{"start":{"line":47,"column":50},"end":{"line":47,"column":51}},"loc":{"start":{"line":47,"column":59},"end":{"line":47,"column":102}},"line":47},"5":{"name":"(anonymous_5)","decl":{"start":{"line":48,"column":47},"end":{"line":48,"column":48}},"loc":{"start":{"line":48,"column":56},"end":{"line":48,"column":96}},"line":48},"6":{"name":"(anonymous_6)","decl":{"start":{"line":53,"column":15},"end":{"line":53,"column":16}},"loc":{"start":{"line":53,"column":21},"end":{"line":63,"column":5}},"line":53},"7":{"name":"(anonymous_7)","decl":{"start":{"line":56,"column":47},"end":{"line":56,"column":48}},"loc":{"start":{"line":56,"column":56},"end":{"line":56,"column":96}},"line":56},"8":{"name":"(anonymous_8)","decl":{"start":{"line":57,"column":52},"end":{"line":57,"column":53}},"loc":{"start":{"line":57,"column":61},"end":{"line":57,"column":106}},"line":57},"9":{"name":"(anonymous_9)","decl":{"start":{"line":58,"column":55},"end":{"line":58,"column":56}},"loc":{"start":{"line":58,"column":64},"end":{"line":58,"column":112}},"line":58},"10":{"name":"(anonymous_10)","decl":{"start":{"line":59,"column":55},"end":{"line":59,"column":56}},"loc":{"start":{"line":59,"column":64},"end":{"line":59,"column":110}},"line":59},"11":{"name":"(anonymous_11)","decl":{"start":{"line":60,"column":53},"end":{"line":60,"column":54}},"loc":{"start":{"line":60,"column":62},"end":{"line":60,"column":106}},"line":60},"12":{"name":"(anonymous_12)","decl":{"start":{"line":65,"column":15},"end":{"line":65,"column":16}},"loc":{"start":{"line":65,"column":21},"end":{"line":72,"column":5}},"line":65},"13":{"name":"(anonymous_13)","decl":{"start":{"line":68,"column":47},"end":{"line":68,"column":48}},"loc":{"start":{"line":68,"column":56},"end":{"line":68,"column":95}},"line":68},"14":{"name":"(anonymous_14)","decl":{"start":{"line":69,"column":46},"end":{"line":69,"column":47}},"loc":{"start":{"line":69,"column":55},"end":{"line":69,"column":99}},"line":69},"15":{"name":"(anonymous_15)","decl":{"start":{"line":74,"column":17},"end":{"line":74,"column":18}},"loc":{"start":{"line":74,"column":23},"end":{"line":82,"column":5}},"line":74},"16":{"name":"(anonymous_16)","decl":{"start":{"line":77,"column":46},"end":{"line":77,"column":47}},"loc":{"start":{"line":77,"column":55},"end":{"line":77,"column":94}},"line":77},"17":{"name":"(anonymous_17)","decl":{"start":{"line":78,"column":47},"end":{"line":78,"column":48}},"loc":{"start":{"line":78,"column":56},"end":{"line":78,"column":96}},"line":78},"18":{"name":"(anonymous_18)","decl":{"start":{"line":79,"column":46},"end":{"line":79,"column":47}},"loc":{"start":{"line":79,"column":55},"end":{"line":79,"column":94}},"line":79},"19":{"name":"(anonymous_19)","decl":{"start":{"line":86,"column":14},"end":{"line":86,"column":15}},"loc":{"start":{"line":86,"column":20},"end":{"line":99,"column":5}},"line":86},"20":{"name":"(anonymous_20)","decl":{"start":{"line":89,"column":44},"end":{"line":89,"column":45}},"loc":{"start":{"line":89,"column":53},"end":{"line":89,"column":154}},"line":89},"21":{"name":"(anonymous_21)","decl":{"start":{"line":91,"column":25},"end":{"line":91,"column":26}},"loc":{"start":{"line":91,"column":32},"end":{"line":95,"column":17}},"line":91},"22":{"name":"(anonymous_22)","decl":{"start":{"line":92,"column":33},"end":{"line":92,"column":34}},"loc":{"start":{"line":92,"column":39},"end":{"line":92,"column":43}},"line":92},"23":{"name":"(anonymous_23)","decl":{"start":{"line":94,"column":32},"end":{"line":94,"column":33}},"loc":{"start":{"line":94,"column":38},"end":{"line":94,"column":42}},"line":94},"24":{"name":"(anonymous_24)","decl":{"start":{"line":96,"column":21},"end":{"line":96,"column":22}},"loc":{"start":{"line":96,"column":30},"end":{"line":96,"column":131}},"line":96},"25":{"name":"(anonymous_25)","decl":{"start":{"line":101,"column":20},"end":{"line":101,"column":21}},"loc":{"start":{"line":101,"column":25},"end":{"line":109,"column":5}},"line":101},"26":{"name":"(anonymous_26)","decl":{"start":{"line":113,"column":4},"end":{"line":113,"column":5}},"loc":{"start":{"line":113,"column":12},"end":{"line":146,"column":5}},"line":113},"27":{"name":"(anonymous_27)","decl":{"start":{"line":117,"column":52},"end":{"line":117,"column":53}},"loc":{"start":{"line":117,"column":61},"end":{"line":117,"column":162}},"line":117},"28":{"name":"(anonymous_28)","decl":{"start":{"line":119,"column":33},"end":{"line":119,"column":34}},"loc":{"start":{"line":119,"column":40},"end":{"line":123,"column":25}},"line":119},"29":{"name":"(anonymous_29)","decl":{"start":{"line":120,"column":41},"end":{"line":120,"column":42}},"loc":{"start":{"line":120,"column":47},"end":{"line":120,"column":51}},"line":120},"30":{"name":"(anonymous_30)","decl":{"start":{"line":122,"column":40},"end":{"line":122,"column":41}},"loc":{"start":{"line":122,"column":46},"end":{"line":122,"column":50}},"line":122},"31":{"name":"(anonymous_31)","decl":{"start":{"line":125,"column":33},"end":{"line":125,"column":34}},"loc":{"start":{"line":125,"column":40},"end":{"line":129,"column":25}},"line":125},"32":{"name":"(anonymous_32)","decl":{"start":{"line":126,"column":41},"end":{"line":126,"column":42}},"loc":{"start":{"line":126,"column":47},"end":{"line":126,"column":51}},"line":126},"33":{"name":"(anonymous_33)","decl":{"start":{"line":128,"column":40},"end":{"line":128,"column":41}},"loc":{"start":{"line":128,"column":46},"end":{"line":128,"column":50}},"line":128},"34":{"name":"(anonymous_34)","decl":{"start":{"line":139,"column":50},"end":{"line":139,"column":51}},"loc":{"start":{"line":139,"column":59},"end":{"line":139,"column":98}},"line":139},"35":{"name":"(anonymous_35)","decl":{"start":{"line":140,"column":51},"end":{"line":140,"column":52}},"loc":{"start":{"line":140,"column":60},"end":{"line":140,"column":100}},"line":140},"36":{"name":"(anonymous_36)","decl":{"start":{"line":141,"column":50},"end":{"line":141,"column":51}},"loc":{"start":{"line":141,"column":59},"end":{"line":141,"column":98}},"line":141}},"branchMap":{"0":{"loc":{"start":{"line":114,"column":8},"end":{"line":144,"column":9}},"type":"if","locations":[{"start":{"line":114,"column":8},"end":{"line":144,"column":9}},{"start":{"line":114,"column":8},"end":{"line":144,"column":9}}],"line":114}},"s":{"0":1,"1":1,"2":1,"3":1,"4":0,"5":0,"6":0,"7":1,"8":0,"9":0,"10":0,"11":1,"12":0,"13":0,"14":0,"15":0,"16":0,"17":0,"18":1,"19":0,"20":0,"21":0,"22":1,"23":0,"24":0,"25":0,"26":0,"27":1,"28":0,"29":0,"30":0,"31":0,"32":0,"33":0,"34":1,"35":0,"36":1,"37":0,"38":0,"39":0,"40":0,"41":0,"42":0,"43":0,"44":0,"45":1,"46":1,"47":0,"48":0},"f":{"0":0,"1":0,"2":0,"3":0,"4":0,"5":0,"6":0,"7":0,"8":0,"9":0,"10":0,"11":0,"12":0,"13":0,"14":0,"15":0,"16":0,"17":0,"18":0,"19":0,"20":0,"21":0,"22":0,"23":0,"24":0,"25":0,"26":1,"27":0,"28":0,"29":0,"30":0,"31":0,"32":0,"33":0,"34":1,"35":0,"36":0},"b":{"0":[0,1]},"_coverageSchema":"1a1c01bbd47fc00a2c39e90264f33305004495a9","hash":"373f1545b245f7ec960f9b19a00ba0b390120c6d"}
,"C:\\Users\\Geryon\\SeegmaV2\\page\\Notification_center\\notif_center.js": {"path":"C:\\Users\\Geryon\\SeegmaV2\\page\\Notification_center\\notif_center.js","statementMap":{"0":{"start":{"line":7,"column":8},"end":{"line":7,"column":21}},"1":{"start":{"line":8,"column":8},"end":{"line":10,"column":9}},"2":{"start":{"line":14,"column":8},"end":{"line":21,"column":16}},"3":{"start":{"line":18,"column":34},"end":{"line":18,"column":80}},"4":{"start":{"line":19,"column":34},"end":{"line":19,"column":64}}},"fnMap":{"0":{"name":"(anonymous_0)","decl":{"start":{"line":6,"column":4},"end":{"line":6,"column":5}},"loc":{"start":{"line":6,"column":22},"end":{"line":11,"column":5}},"line":6},"1":{"name":"(anonymous_1)","decl":{"start":{"line":13,"column":4},"end":{"line":13,"column":5}},"loc":{"start":{"line":13,"column":12},"end":{"line":22,"column":5}},"line":13},"2":{"name":"(anonymous_2)","decl":{"start":{"line":18,"column":28},"end":{"line":18,"column":29}},"loc":{"start":{"line":18,"column":34},"end":{"line":18,"column":80}},"line":18},"3":{"name":"(anonymous_3)","decl":{"start":{"line":19,"column":28},"end":{"line":19,"column":29}},"loc":{"start":{"line":19,"column":34},"end":{"line":19,"column":64}},"line":19}},"branchMap":{},"s":{"0":0,"1":0,"2":0,"3":0,"4":0},"f":{"0":0,"1":0,"2":0,"3":0},"b":{},"_coverageSchema":"1a1c01bbd47fc00a2c39e90264f33305004495a9","hash":"636019a067fe5af5f57c45d053fd69d8bb319c17"}
,"C:\\Users\\Geryon\\SeegmaV2\\page\\auth_site\\alarm\\alarm_info.js": {"path":"C:\\Users\\Geryon\\SeegmaV2\\page\\auth_site\\alarm\\alarm_info.js","statementMap":{"0":{"start":{"line":7,"column":8},"end":{"line":7,"column":21}},"1":{"start":{"line":8,"column":8},"end":{"line":10,"column":9}},"2":{"start":{"line":14,"column":8},"end":{"line":19,"column":16}},"3":{"start":{"line":16,"column":34},"end":{"line":16,"column":82}},"4":{"start":{"line":17,"column":34},"end":{"line":17,"column":80}}},"fnMap":{"0":{"name":"(anonymous_0)","decl":{"start":{"line":6,"column":4},"end":{"line":6,"column":5}},"loc":{"start":{"line":6,"column":22},"end":{"line":11,"column":5}},"line":6},"1":{"name":"(anonymous_1)","decl":{"start":{"line":13,"column":4},"end":{"line":13,"column":5}},"loc":{"start":{"line":13,"column":12},"end":{"line":20,"column":5}},"line":13},"2":{"name":"(anonymous_2)","decl":{"start":{"line":16,"column":28},"end":{"line":16,"column":29}},"loc":{"start":{"line":16,"column":34},"end":{"line":16,"column":82}},"line":16},"3":{"name":"(anonymous_3)","decl":{"start":{"line":17,"column":28},"end":{"line":17,"column":29}},"loc":{"start":{"line":17,"column":34},"end":{"line":17,"column":80}},"line":17}},"branchMap":{},"s":{"0":0,"1":0,"2":0,"3":0,"4":0},"f":{"0":0,"1":0,"2":0,"3":0},"b":{},"_coverageSchema":"1a1c01bbd47fc00a2c39e90264f33305004495a9","hash":"9d780a8ccc844e5103258bad7e88e21e4aa3901d"}
,"C:\\Users\\Geryon\\SeegmaV2\\page\\auth_site\\alarm\\alarm_occ.js": {"path":"C:\\Users\\Geryon\\SeegmaV2\\page\\auth_site\\alarm\\alarm_occ.js","statementMap":{"0":{"start":{"line":7,"column":8},"end":{"line":7,"column":21}},"1":{"start":{"line":8,"column":8},"end":{"line":10,"column":9}},"2":{"start":{"line":14,"column":8},"end":{"line":17,"column":16}}},"fnMap":{"0":{"name":"(anonymous_0)","decl":{"start":{"line":6,"column":4},"end":{"line":6,"column":5}},"loc":{"start":{"line":6,"column":22},"end":{"line":11,"column":5}},"line":6},"1":{"name":"(anonymous_1)","decl":{"start":{"line":13,"column":4},"end":{"line":13,"column":5}},"loc":{"start":{"line":13,"column":12},"end":{"line":18,"column":5}},"line":13}},"branchMap":{},"s":{"0":0,"1":0,"2":0},"f":{"0":0,"1":0},"b":{},"_coverageSchema":"1a1c01bbd47fc00a2c39e90264f33305004495a9","hash":"e60dbffd94a9198a374abc6b213ad03335a5a831"}
,"C:\\Users\\Geryon\\SeegmaV2\\page\\auth_site\\alarm\\alarms.js": {"path":"C:\\Users\\Geryon\\SeegmaV2\\page\\auth_site\\alarm\\alarms.js","statementMap":{"0":{"start":{"line":7,"column":8},"end":{"line":7,"column":21}},"1":{"start":{"line":8,"column":8},"end":{"line":10,"column":9}},"2":{"start":{"line":14,"column":8},"end":{"line":18,"column":16}},"3":{"start":{"line":16,"column":34},"end":{"line":16,"column":64}},"4":{"start":{"line":17,"column":34},"end":{"line":17,"column":79}}},"fnMap":{"0":{"name":"(anonymous_0)","decl":{"start":{"line":6,"column":4},"end":{"line":6,"column":5}},"loc":{"start":{"line":6,"column":22},"end":{"line":11,"column":5}},"line":6},"1":{"name":"(anonymous_1)","decl":{"start":{"line":13,"column":4},"end":{"line":13,"column":5}},"loc":{"start":{"line":13,"column":12},"end":{"line":19,"column":5}},"line":13},"2":{"name":"(anonymous_2)","decl":{"start":{"line":16,"column":28},"end":{"line":16,"column":29}},"loc":{"start":{"line":16,"column":34},"end":{"line":16,"column":64}},"line":16},"3":{"name":"(anonymous_3)","decl":{"start":{"line":17,"column":28},"end":{"line":17,"column":29}},"loc":{"start":{"line":17,"column":34},"end":{"line":17,"column":79}},"line":17}},"branchMap":{},"s":{"0":0,"1":0,"2":0,"3":0,"4":0},"f":{"0":0,"1":0,"2":0,"3":0},"b":{},"_coverageSchema":"1a1c01bbd47fc00a2c39e90264f33305004495a9","hash":"3402592a1fde078d371fc51b360922a4f2978109"}
,"C:\\Users\\Geryon\\SeegmaV2\\page\\auth_site\\alarm\\alarms_history.js": {"path":"C:\\Users\\Geryon\\SeegmaV2\\page\\auth_site\\alarm\\alarms_history.js","statementMap":{"0":{"start":{"line":7,"column":8},"end":{"line":7,"column":21}},"1":{"start":{"line":8,"column":8},"end":{"line":10,"column":9}},"2":{"start":{"line":14,"column":8},"end":{"line":17,"column":16}},"3":{"start":{"line":16,"column":34},"end":{"line":16,"column":82}}},"fnMap":{"0":{"name":"(anonymous_0)","decl":{"start":{"line":6,"column":4},"end":{"line":6,"column":5}},"loc":{"start":{"line":6,"column":22},"end":{"line":11,"column":5}},"line":6},"1":{"name":"(anonymous_1)","decl":{"start":{"line":13,"column":4},"end":{"line":13,"column":5}},"loc":{"start":{"line":13,"column":12},"end":{"line":18,"column":5}},"line":13},"2":{"name":"(anonymous_2)","decl":{"start":{"line":16,"column":28},"end":{"line":16,"column":29}},"loc":{"start":{"line":16,"column":34},"end":{"line":16,"column":82}},"line":16}},"branchMap":{},"s":{"0":0,"1":0,"2":0,"3":0},"f":{"0":0,"1":0,"2":0},"b":{},"_coverageSchema":"1a1c01bbd47fc00a2c39e90264f33305004495a9","hash":"e9062ef1b6794f05b049edfd4d1487cfc70f119f"}
,"C:\\Users\\Geryon\\SeegmaV2\\page\\auth_site\\dashboard\\dashboard.js": {"path":"C:\\Users\\Geryon\\SeegmaV2\\page\\auth_site\\dashboard\\dashboard.js","statementMap":{"0":{"start":{"line":7,"column":8},"end":{"line":7,"column":21}},"1":{"start":{"line":8,"column":8},"end":{"line":10,"column":9}},"2":{"start":{"line":14,"column":8},"end":{"line":18,"column":16}},"3":{"start":{"line":16,"column":34},"end":{"line":16,"column":64}},"4":{"start":{"line":17,"column":34},"end":{"line":17,"column":74}}},"fnMap":{"0":{"name":"(anonymous_0)","decl":{"start":{"line":6,"column":4},"end":{"line":6,"column":5}},"loc":{"start":{"line":6,"column":22},"end":{"line":11,"column":5}},"line":6},"1":{"name":"(anonymous_1)","decl":{"start":{"line":13,"column":4},"end":{"line":13,"column":5}},"loc":{"start":{"line":13,"column":12},"end":{"line":19,"column":5}},"line":13},"2":{"name":"(anonymous_2)","decl":{"start":{"line":16,"column":28},"end":{"line":16,"column":29}},"loc":{"start":{"line":16,"column":34},"end":{"line":16,"column":64}},"line":16},"3":{"name":"(anonymous_3)","decl":{"start":{"line":17,"column":28},"end":{"line":17,"column":29}},"loc":{"start":{"line":17,"column":34},"end":{"line":17,"column":74}},"line":17}},"branchMap":{},"s":{"0":0,"1":0,"2":0,"3":0,"4":0},"f":{"0":0,"1":0,"2":0,"3":0},"b":{},"_coverageSchema":"1a1c01bbd47fc00a2c39e90264f33305004495a9","hash":"5732e711e46b54143700fb263aef4839b87dde9f"}
,"C:\\Users\\Geryon\\SeegmaV2\\page\\auth_site\\dashboard\\widget.js": {"path":"C:\\Users\\Geryon\\SeegmaV2\\page\\auth_site\\dashboard\\widget.js","statementMap":{"0":{"start":{"line":7,"column":8},"end":{"line":7,"column":21}},"1":{"start":{"line":8,"column":8},"end":{"line":10,"column":9}},"2":{"start":{"line":14,"column":8},"end":{"line":17,"column":16}}},"fnMap":{"0":{"name":"(anonymous_0)","decl":{"start":{"line":6,"column":4},"end":{"line":6,"column":5}},"loc":{"start":{"line":6,"column":22},"end":{"line":11,"column":5}},"line":6},"1":{"name":"(anonymous_1)","decl":{"start":{"line":13,"column":4},"end":{"line":13,"column":5}},"loc":{"start":{"line":13,"column":12},"end":{"line":18,"column":5}},"line":13}},"branchMap":{},"s":{"0":0,"1":0,"2":0},"f":{"0":0,"1":0},"b":{},"_coverageSchema":"1a1c01bbd47fc00a2c39e90264f33305004495a9","hash":"d574e2e3c953a1d2d449147c4bdbb15578036571"}
,"C:\\Users\\Geryon\\SeegmaV2\\page\\auth_site\\graph\\graph.js": {"path":"C:\\Users\\Geryon\\SeegmaV2\\page\\auth_site\\graph\\graph.js","statementMap":{"0":{"start":{"line":7,"column":8},"end":{"line":7,"column":21}},"1":{"start":{"line":8,"column":8},"end":{"line":10,"column":9}},"2":{"start":{"line":14,"column":8},"end":{"line":17,"column":16}},"3":{"start":{"line":16,"column":34},"end":{"line":16,"column":73}}},"fnMap":{"0":{"name":"(anonymous_0)","decl":{"start":{"line":6,"column":4},"end":{"line":6,"column":5}},"loc":{"start":{"line":6,"column":22},"end":{"line":11,"column":5}},"line":6},"1":{"name":"(anonymous_1)","decl":{"start":{"line":13,"column":4},"end":{"line":13,"column":5}},"loc":{"start":{"line":13,"column":12},"end":{"line":18,"column":5}},"line":13},"2":{"name":"(anonymous_2)","decl":{"start":{"line":16,"column":28},"end":{"line":16,"column":29}},"loc":{"start":{"line":16,"column":34},"end":{"line":16,"column":73}},"line":16}},"branchMap":{},"s":{"0":0,"1":0,"2":0,"3":0},"f":{"0":0,"1":0,"2":0},"b":{},"_coverageSchema":"1a1c01bbd47fc00a2c39e90264f33305004495a9","hash":"1353a2c64321424fb2209ed9dd7cbc42acdec187"}
,"C:\\Users\\Geryon\\SeegmaV2\\page\\auth_site\\graph\\graph_disp.js": {"path":"C:\\Users\\Geryon\\SeegmaV2\\page\\auth_site\\graph\\graph_disp.js","statementMap":{"0":{"start":{"line":5,"column":26},"end":{"line":23,"column":5}},"1":{"start":{"line":7,"column":34},"end":{"line":7,"column":49}},"2":{"start":{"line":9,"column":4},"end":{"line":22,"column":16}},"3":{"start":{"line":11,"column":34},"end":{"line":11,"column":50}},"4":{"start":{"line":17,"column":33},"end":{"line":17,"column":50}}},"fnMap":{"0":{"name":"(anonymous_0)","decl":{"start":{"line":5,"column":26},"end":{"line":5,"column":27}},"loc":{"start":{"line":5,"column":31},"end":{"line":23,"column":5}},"line":5},"1":{"name":"(anonymous_1)","decl":{"start":{"line":11,"column":28},"end":{"line":11,"column":29}},"loc":{"start":{"line":11,"column":34},"end":{"line":11,"column":50}},"line":11},"2":{"name":"(anonymous_2)","decl":{"start":{"line":17,"column":27},"end":{"line":17,"column":28}},"loc":{"start":{"line":17,"column":33},"end":{"line":17,"column":50}},"line":17}},"branchMap":{},"s":{"0":1,"1":0,"2":0,"3":0,"4":0},"f":{"0":0,"1":0,"2":0},"b":{},"_coverageSchema":"1a1c01bbd47fc00a2c39e90264f33305004495a9","hash":"976ef69afe2851652cbd39337930026664daaeea"}
,"C:\\Users\\Geryon\\SeegmaV2\\page\\non-auth\\login.js": {"path":"C:\\Users\\Geryon\\SeegmaV2\\page\\non-auth\\login.js","statementMap":{"0":{"start":{"line":9,"column":8},"end":{"line":9,"column":21}},"1":{"start":{"line":10,"column":8},"end":{"line":13,"column":9}},"2":{"start":{"line":14,"column":8},"end":{"line":14,"column":61}},"3":{"start":{"line":15,"column":8},"end":{"line":15,"column":55}},"4":{"start":{"line":19,"column":8},"end":{"line":19,"column":42}},"5":{"start":{"line":23,"column":8},"end":{"line":23,"column":39}},"6":{"start":{"line":27,"column":8},"end":{"line":36,"column":16}},"7":{"start":{"line":32,"column":34},"end":{"line":32,"column":63}},"8":{"start":{"line":33,"column":34},"end":{"line":33,"column":74}},"9":{"start":{"line":34,"column":34},"end":{"line":34,"column":73}}},"fnMap":{"0":{"name":"(anonymous_0)","decl":{"start":{"line":8,"column":4},"end":{"line":8,"column":5}},"loc":{"start":{"line":8,"column":22},"end":{"line":16,"column":5}},"line":8},"1":{"name":"(anonymous_1)","decl":{"start":{"line":18,"column":4},"end":{"line":18,"column":5}},"loc":{"start":{"line":18,"column":25},"end":{"line":20,"column":5}},"line":18},"2":{"name":"(anonymous_2)","decl":{"start":{"line":22,"column":4},"end":{"line":22,"column":5}},"loc":{"start":{"line":22,"column":22},"end":{"line":24,"column":5}},"line":22},"3":{"name":"(anonymous_3)","decl":{"start":{"line":26,"column":4},"end":{"line":26,"column":5}},"loc":{"start":{"line":26,"column":12},"end":{"line":37,"column":5}},"line":26},"4":{"name":"(anonymous_4)","decl":{"start":{"line":32,"column":28},"end":{"line":32,"column":29}},"loc":{"start":{"line":32,"column":34},"end":{"line":32,"column":63}},"line":32},"5":{"name":"(anonymous_5)","decl":{"start":{"line":33,"column":28},"end":{"line":33,"column":29}},"loc":{"start":{"line":33,"column":34},"end":{"line":33,"column":74}},"line":33},"6":{"name":"(anonymous_6)","decl":{"start":{"line":34,"column":28},"end":{"line":34,"column":29}},"loc":{"start":{"line":34,"column":34},"end":{"line":34,"column":73}},"line":34}},"branchMap":{},"s":{"0":3,"1":3,"2":3,"3":3,"4":1,"5":1,"6":5,"7":0,"8":0,"9":0},"f":{"0":3,"1":1,"2":1,"3":5,"4":0,"5":0,"6":0},"b":{},"_coverageSchema":"1a1c01bbd47fc00a2c39e90264f33305004495a9","hash":"68d18e91c255fde24a7f05910578d9e0b08a99b5"}
,"C:\\Users\\Geryon\\SeegmaV2\\page\\non-auth\\reset.js": {"path":"C:\\Users\\Geryon\\SeegmaV2\\page\\non-auth\\reset.js","statementMap":{"0":{"start":{"line":9,"column":8},"end":{"line":9,"column":21}},"1":{"start":{"line":10,"column":8},"end":{"line":13,"column":9}},"2":{"start":{"line":14,"column":8},"end":{"line":14,"column":53}},"3":{"start":{"line":18,"column":8},"end":{"line":18,"column":38}},"4":{"start":{"line":22,"column":8},"end":{"line":27,"column":16}},"5":{"start":{"line":26,"column":34},"end":{"line":26,"column":73}}},"fnMap":{"0":{"name":"(anonymous_0)","decl":{"start":{"line":8,"column":4},"end":{"line":8,"column":5}},"loc":{"start":{"line":8,"column":22},"end":{"line":15,"column":5}},"line":8},"1":{"name":"(anonymous_1)","decl":{"start":{"line":17,"column":4},"end":{"line":17,"column":5}},"loc":{"start":{"line":17,"column":21},"end":{"line":19,"column":5}},"line":17},"2":{"name":"(anonymous_2)","decl":{"start":{"line":21,"column":4},"end":{"line":21,"column":5}},"loc":{"start":{"line":21,"column":12},"end":{"line":28,"column":5}},"line":21},"3":{"name":"(anonymous_3)","decl":{"start":{"line":26,"column":28},"end":{"line":26,"column":29}},"loc":{"start":{"line":26,"column":34},"end":{"line":26,"column":73}},"line":26}},"branchMap":{},"s":{"0":0,"1":0,"2":0,"3":0,"4":0,"5":0},"f":{"0":0,"1":0,"2":0,"3":0},"b":{},"_coverageSchema":"1a1c01bbd47fc00a2c39e90264f33305004495a9","hash":"f780cb613c2f8fa8fabdb8bf621d9c0835b6ee64"}
,"C:\\Users\\Geryon\\SeegmaV2\\page\\non-auth\\signup.js": {"path":"C:\\Users\\Geryon\\SeegmaV2\\page\\non-auth\\signup.js","statementMap":{"0":{"start":{"line":8,"column":8},"end":{"line":8,"column":21}},"1":{"start":{"line":9,"column":8},"end":{"line":11,"column":9}},"2":{"start":{"line":15,"column":8},"end":{"line":20,"column":16}},"3":{"start":{"line":19,"column":34},"end":{"line":19,"column":73}}},"fnMap":{"0":{"name":"(anonymous_0)","decl":{"start":{"line":7,"column":4},"end":{"line":7,"column":5}},"loc":{"start":{"line":7,"column":22},"end":{"line":12,"column":5}},"line":7},"1":{"name":"(anonymous_1)","decl":{"start":{"line":14,"column":4},"end":{"line":14,"column":5}},"loc":{"start":{"line":14,"column":12},"end":{"line":21,"column":5}},"line":14},"2":{"name":"(anonymous_2)","decl":{"start":{"line":19,"column":28},"end":{"line":19,"column":29}},"loc":{"start":{"line":19,"column":34},"end":{"line":19,"column":73}},"line":19}},"branchMap":{},"s":{"0":0,"1":0,"2":0,"3":0},"f":{"0":0,"1":0,"2":0},"b":{},"_coverageSchema":"1a1c01bbd47fc00a2c39e90264f33305004495a9","hash":"5a1381d42cc3e86a2f27395cae3ecd29fa7e13ee"}
,"C:\\Users\\Geryon\\SeegmaV2\\page\\site_selection\\home.js": {"path":"C:\\Users\\Geryon\\SeegmaV2\\page\\site_selection\\home.js","statementMap":{"0":{"start":{"line":7,"column":8},"end":{"line":7,"column":21}},"1":{"start":{"line":8,"column":8},"end":{"line":10,"column":9}},"2":{"start":{"line":14,"column":8},"end":{"line":25,"column":16}},"3":{"start":{"line":16,"column":34},"end":{"line":16,"column":64}},"4":{"start":{"line":17,"column":34},"end":{"line":17,"column":65}},"5":{"start":{"line":19,"column":34},"end":{"line":19,"column":72}},"6":{"start":{"line":20,"column":34},"end":{"line":20,"column":80}},"7":{"start":{"line":21,"column":34},"end":{"line":21,"column":77}},"8":{"start":{"line":22,"column":34},"end":{"line":22,"column":66}}},"fnMap":{"0":{"name":"(anonymous_0)","decl":{"start":{"line":6,"column":4},"end":{"line":6,"column":5}},"loc":{"start":{"line":6,"column":22},"end":{"line":11,"column":5}},"line":6},"1":{"name":"(anonymous_1)","decl":{"start":{"line":13,"column":4},"end":{"line":13,"column":5}},"loc":{"start":{"line":13,"column":12},"end":{"line":26,"column":5}},"line":13},"2":{"name":"(anonymous_2)","decl":{"start":{"line":16,"column":28},"end":{"line":16,"column":29}},"loc":{"start":{"line":16,"column":34},"end":{"line":16,"column":64}},"line":16},"3":{"name":"(anonymous_3)","decl":{"start":{"line":17,"column":28},"end":{"line":17,"column":29}},"loc":{"start":{"line":17,"column":34},"end":{"line":17,"column":65}},"line":17},"4":{"name":"(anonymous_4)","decl":{"start":{"line":19,"column":28},"end":{"line":19,"column":29}},"loc":{"start":{"line":19,"column":34},"end":{"line":19,"column":72}},"line":19},"5":{"name":"(anonymous_5)","decl":{"start":{"line":20,"column":28},"end":{"line":20,"column":29}},"loc":{"start":{"line":20,"column":34},"end":{"line":20,"column":80}},"line":20},"6":{"name":"(anonymous_6)","decl":{"start":{"line":21,"column":28},"end":{"line":21,"column":29}},"loc":{"start":{"line":21,"column":34},"end":{"line":21,"column":77}},"line":21},"7":{"name":"(anonymous_7)","decl":{"start":{"line":22,"column":28},"end":{"line":22,"column":29}},"loc":{"start":{"line":22,"column":34},"end":{"line":22,"column":66}},"line":22}},"branchMap":{},"s":{"0":0,"1":0,"2":0,"3":0,"4":0,"5":0,"6":0,"7":0,"8":0},"f":{"0":0,"1":0,"2":0,"3":0,"4":0,"5":0,"6":0,"7":0},"b":{},"_coverageSchema":"1a1c01bbd47fc00a2c39e90264f33305004495a9","hash":"07e03796ee7b886567f16bbdfbd2ef0a59d36b5f"}
}
