{"C:\\Users\\Geryon\\SeegmaV2\\App.js": {"path":"C:\\Users\\Geryon\\SeegmaV2\\App.js","statementMap":{"0":{"start":{"line":17,"column":32},"end":{"line":17,"column":47}},"1":{"start":{"line":18,"column":38},"end":{"line":18,"column":53}},"2":{"start":{"line":19,"column":24},"end":{"line":19,"column":43}},"3":{"start":{"line":20,"column":28},"end":{"line":20,"column":47}},"4":{"start":{"line":21,"column":26},"end":{"line":21,"column":45}},"5":{"start":{"line":22,"column":34},"end":{"line":22,"column":53}},"6":{"start":{"line":23,"column":29},"end":{"line":23,"column":45}},"7":{"start":{"line":25,"column":22},"end":{"line":28,"column":3}},"8":{"start":{"line":26,"column":22},"end":{"line":26,"column":59}},"9":{"start":{"line":27,"column":4},"end":{"line":27,"column":24}},"10":{"start":{"line":29,"column":22},"end":{"line":32,"column":3}},"11":{"start":{"line":30,"column":4},"end":{"line":30,"column":24}},"12":{"start":{"line":31,"column":4},"end":{"line":31,"column":19}},"13":{"start":{"line":33,"column":22},"end":{"line":35,"column":3}},"14":{"start":{"line":34,"column":4},"end":{"line":34,"column":20}},"15":{"start":{"line":36,"column":21},"end":{"line":39,"column":3}},"16":{"start":{"line":37,"column":4},"end":{"line":37,"column":16}},"17":{"start":{"line":38,"column":4},"end":{"line":38,"column":21}},"18":{"start":{"line":42,"column":18},"end":{"line":52,"column":3}},"19":{"start":{"line":56,"column":2},"end":{"line":73,"column":4}}},"fnMap":{"0":{"name":"App","decl":{"start":{"line":16,"column":24},"end":{"line":16,"column":27}},"loc":{"start":{"line":16,"column":30},"end":{"line":74,"column":1}},"line":16},"1":{"name":"(anonymous_1)","decl":{"start":{"line":25,"column":22},"end":{"line":25,"column":23}},"loc":{"start":{"line":25,"column":28},"end":{"line":28,"column":3}},"line":25},"2":{"name":"(anonymous_2)","decl":{"start":{"line":29,"column":22},"end":{"line":29,"column":23}},"loc":{"start":{"line":29,"column":40},"end":{"line":32,"column":3}},"line":29},"3":{"name":"(anonymous_3)","decl":{"start":{"line":33,"column":22},"end":{"line":33,"column":23}},"loc":{"start":{"line":33,"column":33},"end":{"line":35,"column":3}},"line":33},"4":{"name":"(anonymous_4)","decl":{"start":{"line":36,"column":21},"end":{"line":36,"column":22}},"loc":{"start":{"line":36,"column":34},"end":{"line":39,"column":3}},"line":36}},"branchMap":{"0":{"loc":{"start":{"line":26,"column":22},"end":{"line":26,"column":59}},"type":"cond-expr","locations":[{"start":{"line":26,"column":43},"end":{"line":26,"column":49}},{"start":{"line":26,"column":52},"end":{"line":26,"column":59}}],"line":26}},"s":{"0":1,"1":1,"2":1,"3":1,"4":1,"5":1,"6":1,"7":1,"8":0,"9":0,"10":1,"11":0,"12":0,"13":1,"14":0,"15":1,"16":0,"17":0,"18":1,"19":1},"f":{"0":1,"1":0,"2":0,"3":0,"4":0},"b":{"0":[0,0]},"_coverageSchema":"1a1c01bbd47fc00a2c39e90264f33305004495a9","hash":"7a8d3f91d7ce970863a05119dfb16c20f86ee7aa"}
,"C:\\Users\\Geryon\\SeegmaV2\\src\\api\\api.js": {"path":"C:\\Users\\Geryon\\SeegmaV2\\src\\api\\api.js","statementMap":{"0":{"start":{"line":1,"column":17},"end":{"line":1,"column":78}},"1":{"start":{"line":6,"column":23},"end":{"line":6,"column":25}},"2":{"start":{"line":8,"column":14},"end":{"line":8,"column":38}},"3":{"start":{"line":10,"column":4},"end":{"line":35,"column":5}},"4":{"start":{"line":11,"column":6},"end":{"line":14,"column":7}},"5":{"start":{"line":12,"column":8},"end":{"line":13,"column":47}},"6":{"start":{"line":13,"column":8},"end":{"line":13,"column":46}},"7":{"start":{"line":16,"column":6},"end":{"line":22,"column":53}},"8":{"start":{"line":20,"column":24},"end":{"line":20,"column":39}},"9":{"start":{"line":21,"column":25},"end":{"line":21,"column":59}},"10":{"start":{"line":22,"column":24},"end":{"line":22,"column":51}},"11":{"start":{"line":26,"column":6},"end":{"line":33,"column":53}},"12":{"start":{"line":31,"column":24},"end":{"line":31,"column":39}},"13":{"start":{"line":32,"column":25},"end":{"line":32,"column":59}},"14":{"start":{"line":33,"column":24},"end":{"line":33,"column":51}},"15":{"start":{"line":36,"column":4},"end":{"line":36,"column":23}},"16":{"start":{"line":41,"column":19},"end":{"line":41,"column":33}},"17":{"start":{"line":42,"column":4},"end":{"line":42,"column":36}},"18":{"start":{"line":43,"column":4},"end":{"line":43,"column":42}},"19":{"start":{"line":45,"column":15},"end":{"line":45,"column":56}},"20":{"start":{"line":46,"column":4},"end":{"line":46,"column":15}},"21":{"start":{"line":51,"column":19},"end":{"line":51,"column":33}},"22":{"start":{"line":52,"column":4},"end":{"line":52,"column":35}},"23":{"start":{"line":54,"column":15},"end":{"line":54,"column":55}},"24":{"start":{"line":55,"column":4},"end":{"line":55,"column":15}},"25":{"start":{"line":60,"column":19},"end":{"line":60,"column":33}},"26":{"start":{"line":61,"column":4},"end":{"line":61,"column":35}},"27":{"start":{"line":62,"column":4},"end":{"line":62,"column":42}},"28":{"start":{"line":63,"column":4},"end":{"line":63,"column":42}},"29":{"start":{"line":65,"column":15},"end":{"line":65,"column":56}},"30":{"start":{"line":66,"column":4},"end":{"line":66,"column":15}},"31":{"start":{"line":70,"column":20},"end":{"line":70,"column":33}},"32":{"start":{"line":71,"column":4},"end":{"line":71,"column":57}},"33":{"start":{"line":72,"column":4},"end":{"line":72,"column":50}},"34":{"start":{"line":74,"column":15},"end":{"line":74,"column":68}},"35":{"start":{"line":75,"column":4},"end":{"line":75,"column":15}},"36":{"start":{"line":79,"column":18},"end":{"line":79,"column":31}},"37":{"start":{"line":80,"column":2},"end":{"line":80,"column":55}},"38":{"start":{"line":81,"column":2},"end":{"line":81,"column":48}},"39":{"start":{"line":83,"column":15},"end":{"line":83,"column":17}},"40":{"start":{"line":85,"column":13},"end":{"line":85,"column":67}},"41":{"start":{"line":86,"column":2},"end":{"line":86,"column":13}},"42":{"start":{"line":90,"column":20},"end":{"line":90,"column":33}},"43":{"start":{"line":91,"column":4},"end":{"line":91,"column":57}},"44":{"start":{"line":92,"column":4},"end":{"line":92,"column":50}},"45":{"start":{"line":95,"column":15},"end":{"line":95,"column":76}},"46":{"start":{"line":96,"column":4},"end":{"line":96,"column":15}},"47":{"start":{"line":100,"column":20},"end":{"line":100,"column":33}},"48":{"start":{"line":101,"column":4},"end":{"line":101,"column":57}},"49":{"start":{"line":102,"column":4},"end":{"line":102,"column":50}},"50":{"start":{"line":104,"column":17},"end":{"line":104,"column":19}},"51":{"start":{"line":106,"column":15},"end":{"line":106,"column":69}},"52":{"start":{"line":107,"column":4},"end":{"line":107,"column":15}},"53":{"start":{"line":111,"column":20},"end":{"line":111,"column":33}},"54":{"start":{"line":112,"column":4},"end":{"line":112,"column":57}},"55":{"start":{"line":113,"column":4},"end":{"line":113,"column":50}},"56":{"start":{"line":115,"column":17},"end":{"line":115,"column":19}},"57":{"start":{"line":117,"column":15},"end":{"line":117,"column":71}},"58":{"start":{"line":118,"column":4},"end":{"line":118,"column":15}},"59":{"start":{"line":122,"column":18},"end":{"line":122,"column":31}},"60":{"start":{"line":123,"column":2},"end":{"line":123,"column":55}},"61":{"start":{"line":124,"column":2},"end":{"line":124,"column":48}},"62":{"start":{"line":126,"column":15},"end":{"line":126,"column":17}},"63":{"start":{"line":128,"column":13},"end":{"line":128,"column":69}},"64":{"start":{"line":129,"column":2},"end":{"line":129,"column":13}},"65":{"start":{"line":133,"column":18},"end":{"line":133,"column":31}},"66":{"start":{"line":134,"column":2},"end":{"line":134,"column":55}},"67":{"start":{"line":135,"column":2},"end":{"line":135,"column":48}},"68":{"start":{"line":137,"column":15},"end":{"line":137,"column":17}},"69":{"start":{"line":139,"column":13},"end":{"line":139,"column":65}},"70":{"start":{"line":140,"column":2},"end":{"line":140,"column":13}},"71":{"start":{"line":144,"column":18},"end":{"line":144,"column":31}},"72":{"start":{"line":145,"column":2},"end":{"line":145,"column":55}},"73":{"start":{"line":146,"column":2},"end":{"line":146,"column":48}},"74":{"start":{"line":148,"column":15},"end":{"line":148,"column":17}},"75":{"start":{"line":150,"column":13},"end":{"line":150,"column":64}},"76":{"start":{"line":151,"column":2},"end":{"line":151,"column":13}},"77":{"start":{"line":155,"column":18},"end":{"line":155,"column":31}},"78":{"start":{"line":156,"column":2},"end":{"line":156,"column":55}},"79":{"start":{"line":157,"column":2},"end":{"line":157,"column":48}},"80":{"start":{"line":159,"column":15},"end":{"line":159,"column":17}},"81":{"start":{"line":161,"column":13},"end":{"line":161,"column":67}},"82":{"start":{"line":163,"column":2},"end":{"line":163,"column":13}},"83":{"start":{"line":167,"column":18},"end":{"line":167,"column":31}},"84":{"start":{"line":168,"column":2},"end":{"line":168,"column":55}},"85":{"start":{"line":169,"column":2},"end":{"line":169,"column":48}},"86":{"start":{"line":171,"column":15},"end":{"line":171,"column":17}},"87":{"start":{"line":173,"column":13},"end":{"line":173,"column":63}},"88":{"start":{"line":175,"column":2},"end":{"line":175,"column":13}},"89":{"start":{"line":179,"column":18},"end":{"line":179,"column":31}},"90":{"start":{"line":180,"column":2},"end":{"line":180,"column":55}},"91":{"start":{"line":181,"column":2},"end":{"line":181,"column":48}},"92":{"start":{"line":183,"column":15},"end":{"line":183,"column":38}},"93":{"start":{"line":185,"column":13},"end":{"line":185,"column":65}},"94":{"start":{"line":187,"column":2},"end":{"line":187,"column":13}},"95":{"start":{"line":190,"column":25},"end":{"line":197,"column":3}},"96":{"start":{"line":191,"column":4},"end":{"line":196,"column":5}},"97":{"start":{"line":192,"column":24},"end":{"line":192,"column":45}},"98":{"start":{"line":193,"column":6},"end":{"line":193,"column":47}},"99":{"start":{"line":199,"column":23},"end":{"line":206,"column":1}},"100":{"start":{"line":200,"column":2},"end":{"line":205,"column":3}},"101":{"start":{"line":201,"column":22},"end":{"line":201,"column":53}},"102":{"start":{"line":202,"column":4},"end":{"line":202,"column":60}}},"fnMap":{"0":{"name":"fecthing","decl":{"start":{"line":5,"column":15},"end":{"line":5,"column":23}},"loc":{"start":{"line":5,"column":59},"end":{"line":37,"column":1}},"line":5},"1":{"name":"(anonymous_1)","decl":{"start":{"line":20,"column":12},"end":{"line":20,"column":13}},"loc":{"start":{"line":20,"column":24},"end":{"line":20,"column":39}},"line":20},"2":{"name":"(anonymous_2)","decl":{"start":{"line":21,"column":14},"end":{"line":21,"column":15}},"loc":{"start":{"line":21,"column":24},"end":{"line":21,"column":60}},"line":21},"3":{"name":"(anonymous_3)","decl":{"start":{"line":22,"column":15},"end":{"line":22,"column":16}},"loc":{"start":{"line":22,"column":24},"end":{"line":22,"column":51}},"line":22},"4":{"name":"(anonymous_4)","decl":{"start":{"line":31,"column":12},"end":{"line":31,"column":13}},"loc":{"start":{"line":31,"column":24},"end":{"line":31,"column":39}},"line":31},"5":{"name":"(anonymous_5)","decl":{"start":{"line":32,"column":14},"end":{"line":32,"column":15}},"loc":{"start":{"line":32,"column":24},"end":{"line":32,"column":60}},"line":32},"6":{"name":"(anonymous_6)","decl":{"start":{"line":33,"column":15},"end":{"line":33,"column":16}},"loc":{"start":{"line":33,"column":24},"end":{"line":33,"column":51}},"line":33},"7":{"name":"authentification","decl":{"start":{"line":39,"column":22},"end":{"line":39,"column":38}},"loc":{"start":{"line":39,"column":55},"end":{"line":47,"column":1}},"line":39},"8":{"name":"reset","decl":{"start":{"line":49,"column":22},"end":{"line":49,"column":27}},"loc":{"start":{"line":49,"column":34},"end":{"line":56,"column":1}},"line":49},"9":{"name":"signup","decl":{"start":{"line":58,"column":22},"end":{"line":58,"column":28}},"loc":{"start":{"line":58,"column":55},"end":{"line":67,"column":1}},"line":58},"10":{"name":"gettingSite","decl":{"start":{"line":69,"column":22},"end":{"line":69,"column":33}},"loc":{"start":{"line":69,"column":41},"end":{"line":76,"column":1}},"line":69},"11":{"name":"gettingGraph","decl":{"start":{"line":78,"column":22},"end":{"line":78,"column":34}},"loc":{"start":{"line":78,"column":49},"end":{"line":87,"column":1}},"line":78},"12":{"name":"gettingNotifications","decl":{"start":{"line":89,"column":22},"end":{"line":89,"column":42}},"loc":{"start":{"line":89,"column":50},"end":{"line":97,"column":1}},"line":89},"13":{"name":"gettingSiteData","decl":{"start":{"line":99,"column":22},"end":{"line":99,"column":37}},"loc":{"start":{"line":99,"column":52},"end":{"line":108,"column":1}},"line":99},"14":{"name":"gettingUserAlarms","decl":{"start":{"line":110,"column":22},"end":{"line":110,"column":39}},"loc":{"start":{"line":110,"column":54},"end":{"line":119,"column":1}},"line":110},"15":{"name":"gettingAlarmsList","decl":{"start":{"line":121,"column":22},"end":{"line":121,"column":39}},"loc":{"start":{"line":121,"column":55},"end":{"line":130,"column":1}},"line":121},"16":{"name":"gettingGraphInfo","decl":{"start":{"line":132,"column":22},"end":{"line":132,"column":38}},"loc":{"start":{"line":132,"column":54},"end":{"line":141,"column":1}},"line":132},"17":{"name":"gettingFluxInfo","decl":{"start":{"line":143,"column":22},"end":{"line":143,"column":37}},"loc":{"start":{"line":143,"column":53},"end":{"line":152,"column":1}},"line":143},"18":{"name":"gettingGraphData","decl":{"start":{"line":154,"column":22},"end":{"line":154,"column":38}},"loc":{"start":{"line":154,"column":79},"end":{"line":164,"column":1}},"line":154},"19":{"name":"gettingFluxData","decl":{"start":{"line":166,"column":22},"end":{"line":166,"column":37}},"loc":{"start":{"line":166,"column":78},"end":{"line":176,"column":1}},"line":166},"20":{"name":"gettingWidgetData","decl":{"start":{"line":178,"column":22},"end":{"line":178,"column":39}},"loc":{"start":{"line":178,"column":67},"end":{"line":188,"column":1}},"line":178},"21":{"name":"(anonymous_21)","decl":{"start":{"line":190,"column":25},"end":{"line":190,"column":26}},"loc":{"start":{"line":190,"column":47},"end":{"line":197,"column":3}},"line":190},"22":{"name":"(anonymous_22)","decl":{"start":{"line":199,"column":23},"end":{"line":199,"column":24}},"loc":{"start":{"line":199,"column":38},"end":{"line":206,"column":1}},"line":199}},"branchMap":{"0":{"loc":{"start":{"line":10,"column":4},"end":{"line":35,"column":5}},"type":"if","locations":[{"start":{"line":10,"column":4},"end":{"line":35,"column":5}},{"start":{"line":10,"column":4},"end":{"line":35,"column":5}}],"line":10},"1":{"loc":{"start":{"line":11,"column":6},"end":{"line":14,"column":7}},"type":"if","locations":[{"start":{"line":11,"column":6},"end":{"line":14,"column":7}},{"start":{"line":11,"column":6},"end":{"line":14,"column":7}}],"line":11},"2":{"loc":{"start":{"line":12,"column":8},"end":{"line":13,"column":47}},"type":"if","locations":[{"start":{"line":12,"column":8},"end":{"line":13,"column":47}},{"start":{"line":12,"column":8},"end":{"line":13,"column":47}}],"line":12},"3":{"loc":{"start":{"line":202,"column":11},"end":{"line":202,"column":59}},"type":"cond-expr","locations":[{"start":{"line":202,"column":31},"end":{"line":202,"column":52}},{"start":{"line":202,"column":55},"end":{"line":202,"column":59}}],"line":202}},"s":{"0":5,"1":0,"2":0,"3":0,"4":0,"5":0,"6":0,"7":0,"8":0,"9":0,"10":0,"11":0,"12":0,"13":0,"14":0,"15":0,"16":0,"17":0,"18":0,"19":0,"20":0,"21":0,"22":0,"23":0,"24":0,"25":0,"26":0,"27":0,"28":0,"29":0,"30":0,"31":1,"32":0,"33":0,"34":0,"35":0,"36":0,"37":0,"38":0,"39":0,"40":0,"41":0,"42":0,"43":0,"44":0,"45":0,"46":0,"47":0,"48":0,"49":0,"50":0,"51":0,"52":0,"53":0,"54":0,"55":0,"56":0,"57":0,"58":0,"59":0,"60":0,"61":0,"62":0,"63":0,"64":0,"65":0,"66":0,"67":0,"68":0,"69":0,"70":0,"71":0,"72":0,"73":0,"74":0,"75":0,"76":0,"77":0,"78":0,"79":0,"80":0,"81":0,"82":0,"83":0,"84":0,"85":0,"86":0,"87":0,"88":0,"89":0,"90":0,"91":0,"92":0,"93":0,"94":0,"95":5,"96":0,"97":0,"98":0,"99":5,"100":0,"101":0,"102":0},"f":{"0":0,"1":0,"2":0,"3":0,"4":0,"5":0,"6":0,"7":0,"8":0,"9":0,"10":1,"11":0,"12":0,"13":0,"14":0,"15":0,"16":0,"17":0,"18":0,"19":0,"20":0,"21":0,"22":0},"b":{"0":[0,0],"1":[0,0],"2":[0,0],"3":[0,0]},"_coverageSchema":"1a1c01bbd47fc00a2c39e90264f33305004495a9","hash":"40c74e12b2a4e1d0bd2517deae7570a381c4f706"}
,"C:\\Users\\Geryon\\SeegmaV2\\src\\components\\alarm\\alarmInfo.js": {"path":"C:\\Users\\Geryon\\SeegmaV2\\src\\components\\alarm\\alarmInfo.js","statementMap":{"0":{"start":{"line":20,"column":8},"end":{"line":20,"column":21}},"1":{"start":{"line":21,"column":8},"end":{"line":23,"column":9}},"2":{"start":{"line":24,"column":8},"end":{"line":24,"column":55}},"3":{"start":{"line":30,"column":8},"end":{"line":34,"column":9}},"4":{"start":{"line":31,"column":12},"end":{"line":31,"column":133}},"5":{"start":{"line":33,"column":12},"end":{"line":33,"column":130}},"6":{"start":{"line":39,"column":15},"end":{"line":41,"column":5}},"7":{"start":{"line":40,"column":8},"end":{"line":40,"column":53}},"8":{"start":{"line":43,"column":17},"end":{"line":45,"column":5}},"9":{"start":{"line":44,"column":8},"end":{"line":44,"column":99}},"10":{"start":{"line":44,"column":65},"end":{"line":44,"column":95}},"11":{"start":{"line":50,"column":21},"end":{"line":63,"column":9}},"12":{"start":{"line":65,"column":8},"end":{"line":90,"column":28}}},"fnMap":{"0":{"name":"(anonymous_0)","decl":{"start":{"line":19,"column":4},"end":{"line":19,"column":5}},"loc":{"start":{"line":19,"column":23},"end":{"line":25,"column":5}},"line":19},"1":{"name":"(anonymous_1)","decl":{"start":{"line":29,"column":4},"end":{"line":29,"column":5}},"loc":{"start":{"line":29,"column":23},"end":{"line":35,"column":5}},"line":29},"2":{"name":"(anonymous_2)","decl":{"start":{"line":39,"column":15},"end":{"line":39,"column":16}},"loc":{"start":{"line":40,"column":8},"end":{"line":40,"column":53}},"line":40},"3":{"name":"(anonymous_3)","decl":{"start":{"line":43,"column":17},"end":{"line":43,"column":18}},"loc":{"start":{"line":44,"column":8},"end":{"line":44,"column":99}},"line":44},"4":{"name":"(anonymous_4)","decl":{"start":{"line":44,"column":59},"end":{"line":44,"column":60}},"loc":{"start":{"line":44,"column":65},"end":{"line":44,"column":95}},"line":44},"5":{"name":"(anonymous_5)","decl":{"start":{"line":48,"column":4},"end":{"line":48,"column":5}},"loc":{"start":{"line":48,"column":13},"end":{"line":91,"column":5}},"line":48}},"branchMap":{"0":{"loc":{"start":{"line":30,"column":8},"end":{"line":34,"column":9}},"type":"if","locations":[{"start":{"line":30,"column":8},"end":{"line":34,"column":9}},{"start":{"line":30,"column":8},"end":{"line":34,"column":9}}],"line":30},"1":{"loc":{"start":{"line":72,"column":21},"end":{"line":77,"column":31}},"type":"binary-expr","locations":[{"start":{"line":72,"column":21},"end":{"line":72,"column":54}},{"start":{"line":73,"column":24},"end":{"line":77,"column":31}}],"line":72},"2":{"loc":{"start":{"line":78,"column":21},"end":{"line":81,"column":31}},"type":"binary-expr","locations":[{"start":{"line":78,"column":21},"end":{"line":78,"column":55}},{"start":{"line":79,"column":24},"end":{"line":81,"column":31}}],"line":78}},"s":{"0":0,"1":0,"2":0,"3":0,"4":0,"5":0,"6":0,"7":0,"8":0,"9":0,"10":0,"11":0,"12":0},"f":{"0":0,"1":0,"2":0,"3":0,"4":0,"5":0},"b":{"0":[0,0],"1":[0,0],"2":[0,0]},"_coverageSchema":"1a1c01bbd47fc00a2c39e90264f33305004495a9","hash":"d8f0af362169166d0ed93200fe7f5684aefdc53d"}
,"C:\\Users\\Geryon\\SeegmaV2\\src\\components\\alarm\\alarmOcc.js": {"path":"C:\\Users\\Geryon\\SeegmaV2\\src\\components\\alarm\\alarmOcc.js","statementMap":{"0":{"start":{"line":14,"column":12},"end":{"line":14,"column":23}},"1":{"start":{"line":15,"column":0},"end":{"line":15,"column":21}},"2":{"start":{"line":16,"column":0},"end":{"line":16,"column":22}},"3":{"start":{"line":17,"column":0},"end":{"line":17,"column":19}},"4":{"start":{"line":18,"column":0},"end":{"line":18,"column":19}},"5":{"start":{"line":19,"column":0},"end":{"line":19,"column":17}},"6":{"start":{"line":20,"column":0},"end":{"line":20,"column":18}},"7":{"start":{"line":21,"column":0},"end":{"line":21,"column":18}},"8":{"start":{"line":22,"column":0},"end":{"line":22,"column":20}},"9":{"start":{"line":23,"column":0},"end":{"line":23,"column":23}},"10":{"start":{"line":24,"column":0},"end":{"line":24,"column":21}},"11":{"start":{"line":25,"column":0},"end":{"line":25,"column":23}},"12":{"start":{"line":26,"column":0},"end":{"line":26,"column":23}},"13":{"start":{"line":30,"column":8},"end":{"line":30,"column":21}},"14":{"start":{"line":31,"column":8},"end":{"line":35,"column":9}},"15":{"start":{"line":36,"column":8},"end":{"line":36,"column":65}},"16":{"start":{"line":38,"column":25},"end":{"line":38,"column":37}},"17":{"start":{"line":42,"column":8},"end":{"line":52,"column":14}},"18":{"start":{"line":44,"column":16},"end":{"line":51,"column":17}},"19":{"start":{"line":45,"column":20},"end":{"line":45,"column":65}},"20":{"start":{"line":48,"column":31},"end":{"line":48,"column":44}},"21":{"start":{"line":49,"column":20},"end":{"line":49,"column":45}},"22":{"start":{"line":56,"column":8},"end":{"line":58,"column":9}},"23":{"start":{"line":57,"column":12},"end":{"line":57,"column":34}},"24":{"start":{"line":64,"column":8},"end":{"line":64,"column":43}},"25":{"start":{"line":67,"column":21},"end":{"line":92,"column":5}},"26":{"start":{"line":68,"column":23},"end":{"line":68,"column":25}},"27":{"start":{"line":69,"column":29},"end":{"line":69,"column":31}},"28":{"start":{"line":70,"column":25},"end":{"line":70,"column":49}},"29":{"start":{"line":71,"column":26},"end":{"line":71,"column":51}},"30":{"start":{"line":72,"column":24},"end":{"line":72,"column":60}},"31":{"start":{"line":73,"column":25},"end":{"line":73,"column":58}},"32":{"start":{"line":74,"column":22},"end":{"line":74,"column":78}},"33":{"start":{"line":75,"column":19},"end":{"line":75,"column":41}},"34":{"start":{"line":76,"column":16},"end":{"line":76,"column":17}},"35":{"start":{"line":77,"column":8},"end":{"line":89,"column":9}},"36":{"start":{"line":77,"column":25},"end":{"line":77,"column":26}},"37":{"start":{"line":78,"column":12},"end":{"line":78,"column":87}},"38":{"start":{"line":81,"column":12},"end":{"line":85,"column":15}},"39":{"start":{"line":82,"column":16},"end":{"line":84,"column":17}},"40":{"start":{"line":83,"column":20},"end":{"line":83,"column":26}},"41":{"start":{"line":86,"column":12},"end":{"line":86,"column":45}},"42":{"start":{"line":87,"column":12},"end":{"line":87,"column":17}},"43":{"start":{"line":88,"column":12},"end":{"line":88,"column":46}},"44":{"start":{"line":91,"column":8},"end":{"line":91,"column":83}},"45":{"start":{"line":96,"column":15},"end":{"line":98,"column":5}},"46":{"start":{"line":97,"column":8},"end":{"line":97,"column":53}},"47":{"start":{"line":100,"column":17},"end":{"line":102,"column":5}},"48":{"start":{"line":101,"column":8},"end":{"line":101,"column":99}},"49":{"start":{"line":101,"column":65},"end":{"line":101,"column":95}},"50":{"start":{"line":105,"column":8},"end":{"line":121,"column":9}},"51":{"start":{"line":106,"column":12},"end":{"line":110,"column":13}},"52":{"start":{"line":113,"column":12},"end":{"line":120,"column":30}}},"fnMap":{"0":{"name":"(anonymous_0)","decl":{"start":{"line":29,"column":4},"end":{"line":29,"column":5}},"loc":{"start":{"line":29,"column":23},"end":{"line":37,"column":5}},"line":29},"1":{"name":"(anonymous_1)","decl":{"start":{"line":41,"column":4},"end":{"line":41,"column":5}},"loc":{"start":{"line":41,"column":24},"end":{"line":53,"column":5}},"line":41},"2":{"name":"(anonymous_2)","decl":{"start":{"line":43,"column":18},"end":{"line":43,"column":19}},"loc":{"start":{"line":43,"column":30},"end":{"line":52,"column":13}},"line":43},"3":{"name":"(anonymous_3)","decl":{"start":{"line":55,"column":4},"end":{"line":55,"column":5}},"loc":{"start":{"line":55,"column":34},"end":{"line":59,"column":5}},"line":55},"4":{"name":"(anonymous_4)","decl":{"start":{"line":63,"column":4},"end":{"line":63,"column":5}},"loc":{"start":{"line":63,"column":27},"end":{"line":65,"column":5}},"line":63},"5":{"name":"(anonymous_5)","decl":{"start":{"line":67,"column":21},"end":{"line":67,"column":22}},"loc":{"start":{"line":67,"column":31},"end":{"line":92,"column":5}},"line":67},"6":{"name":"(anonymous_6)","decl":{"start":{"line":81,"column":25},"end":{"line":81,"column":26}},"loc":{"start":{"line":81,"column":36},"end":{"line":85,"column":13}},"line":81},"7":{"name":"(anonymous_7)","decl":{"start":{"line":96,"column":15},"end":{"line":96,"column":16}},"loc":{"start":{"line":97,"column":8},"end":{"line":97,"column":53}},"line":97},"8":{"name":"(anonymous_8)","decl":{"start":{"line":100,"column":17},"end":{"line":100,"column":18}},"loc":{"start":{"line":101,"column":8},"end":{"line":101,"column":99}},"line":101},"9":{"name":"(anonymous_9)","decl":{"start":{"line":101,"column":59},"end":{"line":101,"column":60}},"loc":{"start":{"line":101,"column":65},"end":{"line":101,"column":95}},"line":101},"10":{"name":"(anonymous_10)","decl":{"start":{"line":104,"column":4},"end":{"line":104,"column":5}},"loc":{"start":{"line":104,"column":13},"end":{"line":122,"column":5}},"line":104}},"branchMap":{"0":{"loc":{"start":{"line":44,"column":16},"end":{"line":51,"column":17}},"type":"if","locations":[{"start":{"line":44,"column":16},"end":{"line":51,"column":17}},{"start":{"line":44,"column":16},"end":{"line":51,"column":17}}],"line":44},"1":{"loc":{"start":{"line":44,"column":20},"end":{"line":44,"column":81}},"type":"binary-expr","locations":[{"start":{"line":44,"column":20},"end":{"line":44,"column":49}},{"start":{"line":44,"column":53},"end":{"line":44,"column":81}}],"line":44},"2":{"loc":{"start":{"line":56,"column":8},"end":{"line":58,"column":9}},"type":"if","locations":[{"start":{"line":56,"column":8},"end":{"line":58,"column":9}},{"start":{"line":56,"column":8},"end":{"line":58,"column":9}}],"line":56},"3":{"loc":{"start":{"line":82,"column":16},"end":{"line":84,"column":17}},"type":"if","locations":[{"start":{"line":82,"column":16},"end":{"line":84,"column":17}},{"start":{"line":82,"column":16},"end":{"line":84,"column":17}}],"line":82},"4":{"loc":{"start":{"line":105,"column":8},"end":{"line":121,"column":9}},"type":"if","locations":[{"start":{"line":105,"column":8},"end":{"line":121,"column":9}},{"start":{"line":105,"column":8},"end":{"line":121,"column":9}}],"line":105}},"s":{"0":1,"1":1,"2":1,"3":1,"4":1,"5":1,"6":1,"7":1,"8":1,"9":1,"10":1,"11":1,"12":1,"13":0,"14":0,"15":0,"16":1,"17":0,"18":0,"19":0,"20":0,"21":0,"22":0,"23":0,"24":0,"25":0,"26":0,"27":0,"28":0,"29":0,"30":0,"31":0,"32":0,"33":0,"34":0,"35":0,"36":0,"37":0,"38":0,"39":0,"40":0,"41":0,"42":0,"43":0,"44":0,"45":0,"46":0,"47":0,"48":0,"49":0,"50":0,"51":0,"52":0},"f":{"0":0,"1":0,"2":0,"3":0,"4":0,"5":0,"6":0,"7":0,"8":0,"9":0,"10":0},"b":{"0":[0,0],"1":[0,0],"2":[0,0],"3":[0,0],"4":[0,0]},"_coverageSchema":"1a1c01bbd47fc00a2c39e90264f33305004495a9","hash":"1347f237f240fd9165358a662a0eb6b5692b92b2"}
,"C:\\Users\\Geryon\\SeegmaV2\\src\\components\\alarm\\alarms.js": {"path":"C:\\Users\\Geryon\\SeegmaV2\\src\\components\\alarm\\alarms.js","statementMap":{"0":{"start":{"line":17,"column":8},"end":{"line":17,"column":21}},"1":{"start":{"line":18,"column":8},"end":{"line":22,"column":9}},"2":{"start":{"line":23,"column":8},"end":{"line":23,"column":63}},"3":{"start":{"line":25,"column":25},"end":{"line":25,"column":37}},"4":{"start":{"line":32,"column":8},"end":{"line":42,"column":14}},"5":{"start":{"line":34,"column":16},"end":{"line":41,"column":17}},"6":{"start":{"line":35,"column":20},"end":{"line":35,"column":65}},"7":{"start":{"line":38,"column":31},"end":{"line":38,"column":47}},"8":{"start":{"line":39,"column":41},"end":{"line":39,"column":66}},"9":{"start":{"line":40,"column":20},"end":{"line":40,"column":101}},"10":{"start":{"line":48,"column":8},"end":{"line":52,"column":11}},"11":{"start":{"line":49,"column":12},"end":{"line":51,"column":13}},"12":{"start":{"line":50,"column":16},"end":{"line":50,"column":69}},"13":{"start":{"line":57,"column":8},"end":{"line":87,"column":9}},"14":{"start":{"line":59,"column":33},"end":{"line":59,"column":90}},"15":{"start":{"line":60,"column":12},"end":{"line":60,"column":33}},"16":{"start":{"line":62,"column":33},"end":{"line":62,"column":65}},"17":{"start":{"line":64,"column":12},"end":{"line":84,"column":15}},"18":{"start":{"line":65,"column":16},"end":{"line":81,"column":17}},"19":{"start":{"line":66,"column":20},"end":{"line":72,"column":22}},"20":{"start":{"line":74,"column":20},"end":{"line":80,"column":22}},"21":{"start":{"line":85,"column":12},"end":{"line":85,"column":64}},"22":{"start":{"line":86,"column":12},"end":{"line":86,"column":33}},"23":{"start":{"line":91,"column":8},"end":{"line":102,"column":24}},"24":{"start":{"line":93,"column":16},"end":{"line":95,"column":17}},"25":{"start":{"line":94,"column":20},"end":{"line":94,"column":45}},"26":{"start":{"line":97,"column":16},"end":{"line":100,"column":18}},"27":{"start":{"line":103,"column":8},"end":{"line":103,"column":19}},"28":{"start":{"line":109,"column":15},"end":{"line":111,"column":5}},"29":{"start":{"line":110,"column":8},"end":{"line":110,"column":47}},"30":{"start":{"line":112,"column":16},"end":{"line":114,"column":5}},"31":{"start":{"line":113,"column":8},"end":{"line":113,"column":47}},"32":{"start":{"line":116,"column":17},"end":{"line":118,"column":5}},"33":{"start":{"line":117,"column":8},"end":{"line":117,"column":103}},"34":{"start":{"line":117,"column":65},"end":{"line":117,"column":99}},"35":{"start":{"line":119,"column":18},"end":{"line":121,"column":5}},"36":{"start":{"line":120,"column":8},"end":{"line":120,"column":116}},"37":{"start":{"line":120,"column":66},"end":{"line":120,"column":112}},"38":{"start":{"line":124,"column":8},"end":{"line":136,"column":19}}},"fnMap":{"0":{"name":"(anonymous_0)","decl":{"start":{"line":16,"column":4},"end":{"line":16,"column":5}},"loc":{"start":{"line":16,"column":23},"end":{"line":24,"column":5}},"line":16},"1":{"name":"(anonymous_1)","decl":{"start":{"line":30,"column":4},"end":{"line":30,"column":5}},"loc":{"start":{"line":30,"column":24},"end":{"line":43,"column":5}},"line":30},"2":{"name":"(anonymous_2)","decl":{"start":{"line":33,"column":18},"end":{"line":33,"column":19}},"loc":{"start":{"line":33,"column":30},"end":{"line":42,"column":13}},"line":33},"3":{"name":"(anonymous_3)","decl":{"start":{"line":47,"column":4},"end":{"line":47,"column":5}},"loc":{"start":{"line":47,"column":24},"end":{"line":54,"column":5}},"line":47},"4":{"name":"(anonymous_4)","decl":{"start":{"line":48,"column":36},"end":{"line":48,"column":37}},"loc":{"start":{"line":48,"column":47},"end":{"line":52,"column":9}},"line":48},"5":{"name":"(anonymous_5)","decl":{"start":{"line":56,"column":4},"end":{"line":56,"column":5}},"loc":{"start":{"line":56,"column":25},"end":{"line":88,"column":5}},"line":56},"6":{"name":"(anonymous_6)","decl":{"start":{"line":64,"column":25},"end":{"line":64,"column":26}},"loc":{"start":{"line":64,"column":36},"end":{"line":84,"column":13}},"line":64},"7":{"name":"(anonymous_7)","decl":{"start":{"line":90,"column":4},"end":{"line":90,"column":5}},"loc":{"start":{"line":90,"column":21},"end":{"line":105,"column":5}},"line":90},"8":{"name":"(anonymous_8)","decl":{"start":{"line":92,"column":24},"end":{"line":92,"column":25}},"loc":{"start":{"line":92,"column":30},"end":{"line":102,"column":13}},"line":92},"9":{"name":"(anonymous_9)","decl":{"start":{"line":97,"column":23},"end":{"line":97,"column":24}},"loc":{"start":{"line":97,"column":29},"end":{"line":100,"column":17}},"line":97},"10":{"name":"(anonymous_10)","decl":{"start":{"line":109,"column":15},"end":{"line":109,"column":16}},"loc":{"start":{"line":110,"column":8},"end":{"line":110,"column":47}},"line":110},"11":{"name":"(anonymous_11)","decl":{"start":{"line":112,"column":16},"end":{"line":112,"column":17}},"loc":{"start":{"line":113,"column":8},"end":{"line":113,"column":47}},"line":113},"12":{"name":"(anonymous_12)","decl":{"start":{"line":116,"column":17},"end":{"line":116,"column":18}},"loc":{"start":{"line":117,"column":8},"end":{"line":117,"column":103}},"line":117},"13":{"name":"(anonymous_13)","decl":{"start":{"line":117,"column":59},"end":{"line":117,"column":60}},"loc":{"start":{"line":117,"column":65},"end":{"line":117,"column":99}},"line":117},"14":{"name":"(anonymous_14)","decl":{"start":{"line":119,"column":18},"end":{"line":119,"column":19}},"loc":{"start":{"line":120,"column":8},"end":{"line":120,"column":116}},"line":120},"15":{"name":"(anonymous_15)","decl":{"start":{"line":120,"column":60},"end":{"line":120,"column":61}},"loc":{"start":{"line":120,"column":66},"end":{"line":120,"column":112}},"line":120},"16":{"name":"(anonymous_16)","decl":{"start":{"line":123,"column":4},"end":{"line":123,"column":5}},"loc":{"start":{"line":123,"column":13},"end":{"line":137,"column":5}},"line":123}},"branchMap":{"0":{"loc":{"start":{"line":34,"column":16},"end":{"line":41,"column":17}},"type":"if","locations":[{"start":{"line":34,"column":16},"end":{"line":41,"column":17}},{"start":{"line":34,"column":16},"end":{"line":41,"column":17}}],"line":34},"1":{"loc":{"start":{"line":34,"column":20},"end":{"line":34,"column":81}},"type":"binary-expr","locations":[{"start":{"line":34,"column":20},"end":{"line":34,"column":49}},{"start":{"line":34,"column":53},"end":{"line":34,"column":81}}],"line":34},"2":{"loc":{"start":{"line":49,"column":12},"end":{"line":51,"column":13}},"type":"if","locations":[{"start":{"line":49,"column":12},"end":{"line":51,"column":13}},{"start":{"line":49,"column":12},"end":{"line":51,"column":13}}],"line":49},"3":{"loc":{"start":{"line":57,"column":8},"end":{"line":87,"column":9}},"type":"if","locations":[{"start":{"line":57,"column":8},"end":{"line":87,"column":9}},{"start":{"line":57,"column":8},"end":{"line":87,"column":9}}],"line":57},"4":{"loc":{"start":{"line":65,"column":16},"end":{"line":81,"column":17}},"type":"if","locations":[{"start":{"line":65,"column":16},"end":{"line":81,"column":17}},{"start":{"line":65,"column":16},"end":{"line":81,"column":17}}],"line":65},"5":{"loc":{"start":{"line":93,"column":16},"end":{"line":95,"column":17}},"type":"if","locations":[{"start":{"line":93,"column":16},"end":{"line":95,"column":17}},{"start":{"line":93,"column":16},"end":{"line":95,"column":17}}],"line":93}},"s":{"0":0,"1":0,"2":0,"3":1,"4":0,"5":0,"6":0,"7":0,"8":0,"9":0,"10":0,"11":0,"12":0,"13":0,"14":0,"15":0,"16":0,"17":0,"18":0,"19":0,"20":0,"21":0,"22":0,"23":0,"24":0,"25":0,"26":0,"27":0,"28":0,"29":0,"30":0,"31":0,"32":0,"33":0,"34":0,"35":0,"36":0,"37":0,"38":0},"f":{"0":0,"1":0,"2":0,"3":0,"4":0,"5":0,"6":0,"7":0,"8":0,"9":0,"10":0,"11":0,"12":0,"13":0,"14":0,"15":0,"16":0},"b":{"0":[0,0],"1":[0,0],"2":[0,0],"3":[0,0],"4":[0,0],"5":[0,0]},"_coverageSchema":"1a1c01bbd47fc00a2c39e90264f33305004495a9","hash":"8f0c9140d816e0d651bd41688787c346d766713a"}
,"C:\\Users\\Geryon\\SeegmaV2\\src\\components\\alarm\\alarmsHistory.js": {"path":"C:\\Users\\Geryon\\SeegmaV2\\src\\components\\alarm\\alarmsHistory.js","statementMap":{"0":{"start":{"line":14,"column":8},"end":{"line":14,"column":21}},"1":{"start":{"line":15,"column":8},"end":{"line":18,"column":9}},"2":{"start":{"line":19,"column":8},"end":{"line":19,"column":55}},"3":{"start":{"line":21,"column":25},"end":{"line":21,"column":37}},"4":{"start":{"line":25,"column":8},"end":{"line":34,"column":10}},"5":{"start":{"line":27,"column":12},"end":{"line":33,"column":13}},"6":{"start":{"line":28,"column":16},"end":{"line":28,"column":61}},"7":{"start":{"line":31,"column":27},"end":{"line":31,"column":43}},"8":{"start":{"line":32,"column":16},"end":{"line":32,"column":41}},"9":{"start":{"line":38,"column":8},"end":{"line":40,"column":9}},"10":{"start":{"line":39,"column":12},"end":{"line":39,"column":34}},"11":{"start":{"line":46,"column":19},"end":{"line":46,"column":38}},"12":{"start":{"line":47,"column":8},"end":{"line":55,"column":11}},"13":{"start":{"line":48,"column":12},"end":{"line":54,"column":13}},"14":{"start":{"line":49,"column":16},"end":{"line":53,"column":18}},"15":{"start":{"line":60,"column":29},"end":{"line":60,"column":31}},"16":{"start":{"line":61,"column":8},"end":{"line":68,"column":11}},"17":{"start":{"line":62,"column":12},"end":{"line":67,"column":14}},"18":{"start":{"line":69,"column":8},"end":{"line":69,"column":69}},"19":{"start":{"line":74,"column":15},"end":{"line":76,"column":5}},"20":{"start":{"line":75,"column":8},"end":{"line":75,"column":53}},"21":{"start":{"line":78,"column":17},"end":{"line":80,"column":5}},"22":{"start":{"line":79,"column":8},"end":{"line":79,"column":99}},"23":{"start":{"line":79,"column":65},"end":{"line":79,"column":95}},"24":{"start":{"line":84,"column":8},"end":{"line":95,"column":20}}},"fnMap":{"0":{"name":"(anonymous_0)","decl":{"start":{"line":13,"column":4},"end":{"line":13,"column":5}},"loc":{"start":{"line":13,"column":23},"end":{"line":20,"column":5}},"line":13},"1":{"name":"(anonymous_1)","decl":{"start":{"line":24,"column":4},"end":{"line":24,"column":5}},"loc":{"start":{"line":24,"column":23},"end":{"line":35,"column":5}},"line":24},"2":{"name":"(anonymous_2)","decl":{"start":{"line":26,"column":14},"end":{"line":26,"column":15}},"loc":{"start":{"line":26,"column":26},"end":{"line":34,"column":9}},"line":26},"3":{"name":"(anonymous_3)","decl":{"start":{"line":37,"column":4},"end":{"line":37,"column":5}},"loc":{"start":{"line":37,"column":33},"end":{"line":41,"column":5}},"line":37},"4":{"name":"(anonymous_4)","decl":{"start":{"line":45,"column":4},"end":{"line":45,"column":5}},"loc":{"start":{"line":45,"column":23},"end":{"line":57,"column":5}},"line":45},"5":{"name":"(anonymous_5)","decl":{"start":{"line":47,"column":21},"end":{"line":47,"column":22}},"loc":{"start":{"line":47,"column":32},"end":{"line":55,"column":9}},"line":47},"6":{"name":"(anonymous_6)","decl":{"start":{"line":59,"column":4},"end":{"line":59,"column":5}},"loc":{"start":{"line":59,"column":25},"end":{"line":70,"column":5}},"line":59},"7":{"name":"(anonymous_7)","decl":{"start":{"line":61,"column":21},"end":{"line":61,"column":22}},"loc":{"start":{"line":61,"column":32},"end":{"line":68,"column":9}},"line":61},"8":{"name":"(anonymous_8)","decl":{"start":{"line":74,"column":15},"end":{"line":74,"column":16}},"loc":{"start":{"line":75,"column":8},"end":{"line":75,"column":53}},"line":75},"9":{"name":"(anonymous_9)","decl":{"start":{"line":78,"column":17},"end":{"line":78,"column":18}},"loc":{"start":{"line":79,"column":8},"end":{"line":79,"column":99}},"line":79},"10":{"name":"(anonymous_10)","decl":{"start":{"line":79,"column":59},"end":{"line":79,"column":60}},"loc":{"start":{"line":79,"column":65},"end":{"line":79,"column":95}},"line":79},"11":{"name":"(anonymous_11)","decl":{"start":{"line":82,"column":4},"end":{"line":82,"column":5}},"loc":{"start":{"line":82,"column":13},"end":{"line":96,"column":5}},"line":82}},"branchMap":{"0":{"loc":{"start":{"line":27,"column":12},"end":{"line":33,"column":13}},"type":"if","locations":[{"start":{"line":27,"column":12},"end":{"line":33,"column":13}},{"start":{"line":27,"column":12},"end":{"line":33,"column":13}}],"line":27},"1":{"loc":{"start":{"line":27,"column":16},"end":{"line":27,"column":77}},"type":"binary-expr","locations":[{"start":{"line":27,"column":16},"end":{"line":27,"column":45}},{"start":{"line":27,"column":49},"end":{"line":27,"column":77}}],"line":27},"2":{"loc":{"start":{"line":38,"column":8},"end":{"line":40,"column":9}},"type":"if","locations":[{"start":{"line":38,"column":8},"end":{"line":40,"column":9}},{"start":{"line":38,"column":8},"end":{"line":40,"column":9}}],"line":38},"3":{"loc":{"start":{"line":48,"column":12},"end":{"line":54,"column":13}},"type":"if","locations":[{"start":{"line":48,"column":12},"end":{"line":54,"column":13}},{"start":{"line":48,"column":12},"end":{"line":54,"column":13}}],"line":48}},"s":{"0":0,"1":0,"2":0,"3":1,"4":0,"5":0,"6":0,"7":0,"8":0,"9":0,"10":0,"11":0,"12":0,"13":0,"14":0,"15":0,"16":0,"17":0,"18":0,"19":0,"20":0,"21":0,"22":0,"23":0,"24":0},"f":{"0":0,"1":0,"2":0,"3":0,"4":0,"5":0,"6":0,"7":0,"8":0,"9":0,"10":0,"11":0},"b":{"0":[0,0],"1":[0,0],"2":[0,0],"3":[0,0]},"_coverageSchema":"1a1c01bbd47fc00a2c39e90264f33305004495a9","hash":"900c0763e646b941af9ca5cda82168bd198f8420"}
,"C:\\Users\\Geryon\\SeegmaV2\\src\\components\\dashboard\\dashboard.js": {"path":"C:\\Users\\Geryon\\SeegmaV2\\src\\components\\dashboard\\dashboard.js","statementMap":{"0":{"start":{"line":17,"column":8},"end":{"line":17,"column":21}},"1":{"start":{"line":18,"column":8},"end":{"line":24,"column":9}},"2":{"start":{"line":25,"column":8},"end":{"line":25,"column":57}},"3":{"start":{"line":26,"column":8},"end":{"line":26,"column":63}},"4":{"start":{"line":27,"column":22},"end":{"line":32,"column":9}},"5":{"start":{"line":33,"column":8},"end":{"line":33,"column":26}},"6":{"start":{"line":35,"column":25},"end":{"line":35,"column":37}},"7":{"start":{"line":39,"column":8},"end":{"line":39,"column":47}},"8":{"start":{"line":44,"column":19},"end":{"line":44,"column":23}},"9":{"start":{"line":45,"column":8},"end":{"line":50,"column":11}},"10":{"start":{"line":46,"column":12},"end":{"line":49,"column":13}},"11":{"start":{"line":47,"column":16},"end":{"line":47,"column":30}},"12":{"start":{"line":51,"column":8},"end":{"line":51,"column":102}},"13":{"start":{"line":57,"column":8},"end":{"line":68,"column":14}},"14":{"start":{"line":59,"column":16},"end":{"line":67,"column":17}},"15":{"start":{"line":60,"column":20},"end":{"line":60,"column":65}},"16":{"start":{"line":63,"column":31},"end":{"line":63,"column":47}},"17":{"start":{"line":64,"column":37},"end":{"line":64,"column":64}},"18":{"start":{"line":65,"column":41},"end":{"line":65,"column":77}},"19":{"start":{"line":66,"column":20},"end":{"line":66,"column":100}},"20":{"start":{"line":72,"column":8},"end":{"line":75,"column":9}},"21":{"start":{"line":73,"column":33},"end":{"line":73,"column":111}},"22":{"start":{"line":74,"column":12},"end":{"line":74,"column":52}},"23":{"start":{"line":76,"column":8},"end":{"line":78,"column":9}},"24":{"start":{"line":77,"column":12},"end":{"line":77,"column":36}},"25":{"start":{"line":87,"column":8},"end":{"line":106,"column":9}},"26":{"start":{"line":88,"column":33},"end":{"line":88,"column":91}},"27":{"start":{"line":89,"column":12},"end":{"line":89,"column":33}},"28":{"start":{"line":91,"column":33},"end":{"line":91,"column":103}},"29":{"start":{"line":93,"column":12},"end":{"line":103,"column":15}},"30":{"start":{"line":94,"column":27},"end":{"line":94,"column":54}},"31":{"start":{"line":96,"column":16},"end":{"line":102,"column":18}},"32":{"start":{"line":104,"column":12},"end":{"line":104,"column":64}},"33":{"start":{"line":105,"column":12},"end":{"line":105,"column":33}},"34":{"start":{"line":111,"column":8},"end":{"line":120,"column":9}},"35":{"start":{"line":112,"column":12},"end":{"line":112,"column":21}},"36":{"start":{"line":114,"column":29},"end":{"line":114,"column":31}},"37":{"start":{"line":116,"column":12},"end":{"line":118,"column":15}},"38":{"start":{"line":117,"column":16},"end":{"line":117,"column":45}},"39":{"start":{"line":119,"column":12},"end":{"line":119,"column":29}},"40":{"start":{"line":125,"column":15},"end":{"line":127,"column":5}},"41":{"start":{"line":126,"column":8},"end":{"line":126,"column":47}},"42":{"start":{"line":128,"column":16},"end":{"line":130,"column":5}},"43":{"start":{"line":129,"column":8},"end":{"line":129,"column":47}},"44":{"start":{"line":132,"column":17},"end":{"line":134,"column":5}},"45":{"start":{"line":133,"column":8},"end":{"line":133,"column":103}},"46":{"start":{"line":133,"column":65},"end":{"line":133,"column":99}},"47":{"start":{"line":135,"column":18},"end":{"line":137,"column":5}},"48":{"start":{"line":136,"column":8},"end":{"line":136,"column":116}},"49":{"start":{"line":136,"column":66},"end":{"line":136,"column":112}},"50":{"start":{"line":141,"column":8},"end":{"line":152,"column":20}}},"fnMap":{"0":{"name":"(anonymous_0)","decl":{"start":{"line":16,"column":4},"end":{"line":16,"column":5}},"loc":{"start":{"line":16,"column":23},"end":{"line":34,"column":5}},"line":16},"1":{"name":"(anonymous_1)","decl":{"start":{"line":38,"column":4},"end":{"line":38,"column":5}},"loc":{"start":{"line":38,"column":24},"end":{"line":40,"column":5}},"line":38},"2":{"name":"(anonymous_2)","decl":{"start":{"line":43,"column":4},"end":{"line":43,"column":5}},"loc":{"start":{"line":43,"column":24},"end":{"line":52,"column":5}},"line":43},"3":{"name":"(anonymous_3)","decl":{"start":{"line":45,"column":32},"end":{"line":45,"column":33}},"loc":{"start":{"line":45,"column":43},"end":{"line":50,"column":9}},"line":45},"4":{"name":"(anonymous_4)","decl":{"start":{"line":56,"column":4},"end":{"line":56,"column":5}},"loc":{"start":{"line":56,"column":24},"end":{"line":69,"column":5}},"line":56},"5":{"name":"(anonymous_5)","decl":{"start":{"line":58,"column":18},"end":{"line":58,"column":19}},"loc":{"start":{"line":58,"column":30},"end":{"line":68,"column":13}},"line":58},"6":{"name":"(anonymous_6)","decl":{"start":{"line":71,"column":4},"end":{"line":71,"column":5}},"loc":{"start":{"line":71,"column":45},"end":{"line":79,"column":5}},"line":71},"7":{"name":"(anonymous_7)","decl":{"start":{"line":85,"column":4},"end":{"line":85,"column":5}},"loc":{"start":{"line":85,"column":25},"end":{"line":107,"column":5}},"line":85},"8":{"name":"(anonymous_8)","decl":{"start":{"line":93,"column":25},"end":{"line":93,"column":26}},"loc":{"start":{"line":93,"column":36},"end":{"line":103,"column":13}},"line":93},"9":{"name":"(anonymous_9)","decl":{"start":{"line":110,"column":4},"end":{"line":110,"column":5}},"loc":{"start":{"line":110,"column":27},"end":{"line":121,"column":5}},"line":110},"10":{"name":"(anonymous_10)","decl":{"start":{"line":116,"column":25},"end":{"line":116,"column":26}},"loc":{"start":{"line":116,"column":36},"end":{"line":118,"column":13}},"line":116},"11":{"name":"(anonymous_11)","decl":{"start":{"line":125,"column":15},"end":{"line":125,"column":16}},"loc":{"start":{"line":126,"column":8},"end":{"line":126,"column":47}},"line":126},"12":{"name":"(anonymous_12)","decl":{"start":{"line":128,"column":16},"end":{"line":128,"column":17}},"loc":{"start":{"line":129,"column":8},"end":{"line":129,"column":47}},"line":129},"13":{"name":"(anonymous_13)","decl":{"start":{"line":132,"column":17},"end":{"line":132,"column":18}},"loc":{"start":{"line":133,"column":8},"end":{"line":133,"column":103}},"line":133},"14":{"name":"(anonymous_14)","decl":{"start":{"line":133,"column":59},"end":{"line":133,"column":60}},"loc":{"start":{"line":133,"column":65},"end":{"line":133,"column":99}},"line":133},"15":{"name":"(anonymous_15)","decl":{"start":{"line":135,"column":18},"end":{"line":135,"column":19}},"loc":{"start":{"line":136,"column":8},"end":{"line":136,"column":116}},"line":136},"16":{"name":"(anonymous_16)","decl":{"start":{"line":136,"column":60},"end":{"line":136,"column":61}},"loc":{"start":{"line":136,"column":66},"end":{"line":136,"column":112}},"line":136},"17":{"name":"(anonymous_17)","decl":{"start":{"line":139,"column":4},"end":{"line":139,"column":5}},"loc":{"start":{"line":139,"column":13},"end":{"line":153,"column":5}},"line":139}},"branchMap":{"0":{"loc":{"start":{"line":46,"column":12},"end":{"line":49,"column":13}},"type":"if","locations":[{"start":{"line":46,"column":12},"end":{"line":49,"column":13}},{"start":{"line":46,"column":12},"end":{"line":49,"column":13}}],"line":46},"1":{"loc":{"start":{"line":59,"column":16},"end":{"line":67,"column":17}},"type":"if","locations":[{"start":{"line":59,"column":16},"end":{"line":67,"column":17}},{"start":{"line":59,"column":16},"end":{"line":67,"column":17}}],"line":59},"2":{"loc":{"start":{"line":59,"column":20},"end":{"line":59,"column":81}},"type":"binary-expr","locations":[{"start":{"line":59,"column":20},"end":{"line":59,"column":49}},{"start":{"line":59,"column":53},"end":{"line":59,"column":81}}],"line":59},"3":{"loc":{"start":{"line":72,"column":8},"end":{"line":75,"column":9}},"type":"if","locations":[{"start":{"line":72,"column":8},"end":{"line":75,"column":9}},{"start":{"line":72,"column":8},"end":{"line":75,"column":9}}],"line":72},"4":{"loc":{"start":{"line":76,"column":8},"end":{"line":78,"column":9}},"type":"if","locations":[{"start":{"line":76,"column":8},"end":{"line":78,"column":9}},{"start":{"line":76,"column":8},"end":{"line":78,"column":9}}],"line":76},"5":{"loc":{"start":{"line":87,"column":8},"end":{"line":106,"column":9}},"type":"if","locations":[{"start":{"line":87,"column":8},"end":{"line":106,"column":9}},{"start":{"line":87,"column":8},"end":{"line":106,"column":9}}],"line":87},"6":{"loc":{"start":{"line":111,"column":8},"end":{"line":120,"column":9}},"type":"if","locations":[{"start":{"line":111,"column":8},"end":{"line":120,"column":9}},{"start":{"line":111,"column":8},"end":{"line":120,"column":9}}],"line":111}},"s":{"0":0,"1":0,"2":0,"3":0,"4":0,"5":0,"6":1,"7":0,"8":0,"9":0,"10":0,"11":0,"12":0,"13":0,"14":0,"15":0,"16":0,"17":0,"18":0,"19":0,"20":0,"21":0,"22":0,"23":0,"24":0,"25":0,"26":0,"27":0,"28":0,"29":0,"30":0,"31":0,"32":0,"33":0,"34":0,"35":0,"36":0,"37":0,"38":0,"39":0,"40":0,"41":0,"42":0,"43":0,"44":0,"45":0,"46":0,"47":0,"48":0,"49":0,"50":0},"f":{"0":0,"1":0,"2":0,"3":0,"4":0,"5":0,"6":0,"7":0,"8":0,"9":0,"10":0,"11":0,"12":0,"13":0,"14":0,"15":0,"16":0,"17":0},"b":{"0":[0,0],"1":[0,0],"2":[0,0],"3":[0,0],"4":[0,0],"5":[0,0],"6":[0,0]},"_coverageSchema":"1a1c01bbd47fc00a2c39e90264f33305004495a9","hash":"462bec52cb7cc5a75c43254c022d79d5fbf8222f"}
,"C:\\Users\\Geryon\\SeegmaV2\\src\\components\\dashboard\\widget.js": {"path":"C:\\Users\\Geryon\\SeegmaV2\\src\\components\\dashboard\\widget.js","statementMap":{"0":{"start":{"line":20,"column":8},"end":{"line":20,"column":21}},"1":{"start":{"line":21,"column":8},"end":{"line":27,"column":9}},"2":{"start":{"line":29,"column":25},"end":{"line":29,"column":37}},"3":{"start":{"line":32,"column":7},"end":{"line":55,"column":9}},"4":{"start":{"line":35,"column":16},"end":{"line":54,"column":17}},"5":{"start":{"line":36,"column":20},"end":{"line":36,"column":65}},"6":{"start":{"line":40,"column":31},"end":{"line":40,"column":47}},"7":{"start":{"line":41,"column":20},"end":{"line":53,"column":35}},"8":{"start":{"line":43,"column":28},"end":{"line":43,"column":69}},"9":{"start":{"line":44,"column":28},"end":{"line":44,"column":34}},"10":{"start":{"line":46,"column":28},"end":{"line":46,"column":191}},"11":{"start":{"line":47,"column":28},"end":{"line":47,"column":34}},"12":{"start":{"line":49,"column":28},"end":{"line":49,"column":229}},"13":{"start":{"line":50,"column":28},"end":{"line":50,"column":34}},"14":{"start":{"line":52,"column":28},"end":{"line":52,"column":186}},"15":{"start":{"line":53,"column":28},"end":{"line":53,"column":34}},"16":{"start":{"line":59,"column":15},"end":{"line":61,"column":5}},"17":{"start":{"line":60,"column":8},"end":{"line":60,"column":53}},"18":{"start":{"line":63,"column":17},"end":{"line":65,"column":5}},"19":{"start":{"line":64,"column":8},"end":{"line":64,"column":99}},"20":{"start":{"line":64,"column":65},"end":{"line":64,"column":95}},"21":{"start":{"line":69,"column":21},"end":{"line":77,"column":9}},"22":{"start":{"line":70,"column":12},"end":{"line":76,"column":20}},"23":{"start":{"line":78,"column":8},"end":{"line":115,"column":10}},"24":{"start":{"line":79,"column":12},"end":{"line":81,"column":13}},"25":{"start":{"line":85,"column":8},"end":{"line":115,"column":9}},"26":{"start":{"line":87,"column":16},"end":{"line":94,"column":28}},"27":{"start":{"line":90,"column":24},"end":{"line":92,"column":31}},"28":{"start":{"line":97,"column":16},"end":{"line":101,"column":28}},"29":{"start":{"line":104,"column":16},"end":{"line":107,"column":28}},"30":{"start":{"line":110,"column":16},"end":{"line":113,"column":28}}},"fnMap":{"0":{"name":"(anonymous_0)","decl":{"start":{"line":19,"column":4},"end":{"line":19,"column":5}},"loc":{"start":{"line":19,"column":23},"end":{"line":28,"column":5}},"line":19},"1":{"name":"(anonymous_1)","decl":{"start":{"line":31,"column":3},"end":{"line":31,"column":4}},"loc":{"start":{"line":31,"column":22},"end":{"line":56,"column":5}},"line":31},"2":{"name":"(anonymous_2)","decl":{"start":{"line":34,"column":12},"end":{"line":34,"column":13}},"loc":{"start":{"line":34,"column":24},"end":{"line":54,"column":18}},"line":34},"3":{"name":"(anonymous_3)","decl":{"start":{"line":59,"column":15},"end":{"line":59,"column":16}},"loc":{"start":{"line":60,"column":8},"end":{"line":60,"column":53}},"line":60},"4":{"name":"(anonymous_4)","decl":{"start":{"line":63,"column":17},"end":{"line":63,"column":18}},"loc":{"start":{"line":64,"column":8},"end":{"line":64,"column":99}},"line":64},"5":{"name":"(anonymous_5)","decl":{"start":{"line":64,"column":59},"end":{"line":64,"column":60}},"loc":{"start":{"line":64,"column":65},"end":{"line":64,"column":95}},"line":64},"6":{"name":"(anonymous_6)","decl":{"start":{"line":68,"column":4},"end":{"line":68,"column":5}},"loc":{"start":{"line":68,"column":13},"end":{"line":117,"column":5}},"line":68},"7":{"name":"(anonymous_7)","decl":{"start":{"line":69,"column":21},"end":{"line":69,"column":22}},"loc":{"start":{"line":69,"column":32},"end":{"line":77,"column":9}},"line":69},"8":{"name":"(anonymous_8)","decl":{"start":{"line":89,"column":41},"end":{"line":89,"column":42}},"loc":{"start":{"line":90,"column":24},"end":{"line":92,"column":31}},"line":90}},"branchMap":{"0":{"loc":{"start":{"line":35,"column":16},"end":{"line":54,"column":17}},"type":"if","locations":[{"start":{"line":35,"column":16},"end":{"line":54,"column":17}},{"start":{"line":35,"column":16},"end":{"line":54,"column":17}}],"line":35},"1":{"loc":{"start":{"line":35,"column":20},"end":{"line":35,"column":81}},"type":"binary-expr","locations":[{"start":{"line":35,"column":20},"end":{"line":35,"column":49}},{"start":{"line":35,"column":53},"end":{"line":35,"column":81}}],"line":35},"2":{"loc":{"start":{"line":41,"column":20},"end":{"line":53,"column":35}},"type":"switch","locations":[{"start":{"line":42,"column":24},"end":{"line":44,"column":34}},{"start":{"line":45,"column":24},"end":{"line":47,"column":34}},{"start":{"line":48,"column":24},"end":{"line":50,"column":34}},{"start":{"line":51,"column":24},"end":{"line":53,"column":34}}],"line":41},"3":{"loc":{"start":{"line":78,"column":8},"end":{"line":115,"column":10}},"type":"if","locations":[{"start":{"line":78,"column":8},"end":{"line":115,"column":10}},{"start":{"line":78,"column":8},"end":{"line":115,"column":10}}],"line":78},"4":{"loc":{"start":{"line":85,"column":8},"end":{"line":115,"column":9}},"type":"switch","locations":[{"start":{"line":86,"column":12},"end":{"line":94,"column":28}},{"start":{"line":96,"column":12},"end":{"line":101,"column":28}},{"start":{"line":103,"column":12},"end":{"line":107,"column":28}},{"start":{"line":109,"column":12},"end":{"line":113,"column":28}}],"line":85}},"s":{"0":0,"1":0,"2":1,"3":0,"4":0,"5":0,"6":0,"7":0,"8":0,"9":0,"10":0,"11":0,"12":0,"13":0,"14":0,"15":0,"16":0,"17":0,"18":0,"19":0,"20":0,"21":0,"22":0,"23":0,"24":0,"25":0,"26":0,"27":0,"28":0,"29":0,"30":0},"f":{"0":0,"1":0,"2":0,"3":0,"4":0,"5":0,"6":0,"7":0,"8":0},"b":{"0":[0,0],"1":[0,0],"2":[0,0,0,0],"3":[0,0],"4":[0,0,0,0]},"_coverageSchema":"1a1c01bbd47fc00a2c39e90264f33305004495a9","hash":"9839203936df6904d4adb51178b9f9a702585c7f"}
,"C:\\Users\\Geryon\\SeegmaV2\\src\\components\\general\\context.js": {"path":"C:\\Users\\Geryon\\SeegmaV2\\src\\components\\general\\context.js","statementMap":{"0":{"start":{"line":3,"column":28},"end":{"line":9,"column":2}}},"fnMap":{"0":{"name":"(anonymous_0)","decl":{"start":{"line":7,"column":15},"end":{"line":7,"column":16}},"loc":{"start":{"line":7,"column":21},"end":{"line":7,"column":23}},"line":7},"1":{"name":"(anonymous_1)","decl":{"start":{"line":8,"column":14},"end":{"line":8,"column":15}},"loc":{"start":{"line":8,"column":20},"end":{"line":8,"column":22}},"line":8}},"branchMap":{},"s":{"0":3},"f":{"0":0,"1":1},"b":{},"_coverageSchema":"1a1c01bbd47fc00a2c39e90264f33305004495a9","hash":"8baaab31c0235f47a5df6ca521829c9bb7919d25"}
,"C:\\Users\\Geryon\\SeegmaV2\\src\\components\\general\\detailsView.js": {"path":"C:\\Users\\Geryon\\SeegmaV2\\src\\components\\general\\detailsView.js","statementMap":{"0":{"start":{"line":16,"column":8},"end":{"line":16,"column":21}},"1":{"start":{"line":17,"column":8},"end":{"line":19,"column":9}},"2":{"start":{"line":22,"column":15},"end":{"line":24,"column":5}},"3":{"start":{"line":23,"column":8},"end":{"line":23,"column":53}},"4":{"start":{"line":26,"column":17},"end":{"line":28,"column":5}},"5":{"start":{"line":27,"column":8},"end":{"line":27,"column":99}},"6":{"start":{"line":27,"column":65},"end":{"line":27,"column":95}},"7":{"start":{"line":31,"column":8},"end":{"line":59,"column":9}},"8":{"start":{"line":32,"column":12},"end":{"line":43,"column":24}},"9":{"start":{"line":45,"column":13},"end":{"line":59,"column":9}},"10":{"start":{"line":46,"column":12},"end":{"line":56,"column":13}}},"fnMap":{"0":{"name":"(anonymous_0)","decl":{"start":{"line":15,"column":4},"end":{"line":15,"column":5}},"loc":{"start":{"line":15,"column":23},"end":{"line":20,"column":5}},"line":15},"1":{"name":"(anonymous_1)","decl":{"start":{"line":22,"column":15},"end":{"line":22,"column":16}},"loc":{"start":{"line":23,"column":8},"end":{"line":23,"column":53}},"line":23},"2":{"name":"(anonymous_2)","decl":{"start":{"line":26,"column":17},"end":{"line":26,"column":18}},"loc":{"start":{"line":27,"column":8},"end":{"line":27,"column":99}},"line":27},"3":{"name":"(anonymous_3)","decl":{"start":{"line":27,"column":59},"end":{"line":27,"column":60}},"loc":{"start":{"line":27,"column":65},"end":{"line":27,"column":95}},"line":27},"4":{"name":"(anonymous_4)","decl":{"start":{"line":30,"column":4},"end":{"line":30,"column":5}},"loc":{"start":{"line":30,"column":13},"end":{"line":60,"column":5}},"line":30}},"branchMap":{"0":{"loc":{"start":{"line":31,"column":8},"end":{"line":59,"column":9}},"type":"if","locations":[{"start":{"line":31,"column":8},"end":{"line":59,"column":9}},{"start":{"line":31,"column":8},"end":{"line":59,"column":9}}],"line":31},"1":{"loc":{"start":{"line":45,"column":13},"end":{"line":59,"column":9}},"type":"if","locations":[{"start":{"line":45,"column":13},"end":{"line":59,"column":9}},{"start":{"line":45,"column":13},"end":{"line":59,"column":9}}],"line":45}},"s":{"0":0,"1":0,"2":0,"3":0,"4":0,"5":0,"6":0,"7":0,"8":0,"9":0,"10":0},"f":{"0":0,"1":0,"2":0,"3":0,"4":0},"b":{"0":[0,0],"1":[0,0]},"_coverageSchema":"1a1c01bbd47fc00a2c39e90264f33305004495a9","hash":"ea52f2653fb6a931a2a809643e0c07de8508c00b"}
,"C:\\Users\\Geryon\\SeegmaV2\\src\\components\\general\\loading.js": {"path":"C:\\Users\\Geryon\\SeegmaV2\\src\\components\\general\\loading.js","statementMap":{"0":{"start":{"line":5,"column":16},"end":{"line":9,"column":1}},"1":{"start":{"line":6,"column":2},"end":{"line":8,"column":17}},"2":{"start":{"line":11,"column":15},"end":{"line":22,"column":2}}},"fnMap":{"0":{"name":"(anonymous_0)","decl":{"start":{"line":5,"column":16},"end":{"line":5,"column":17}},"loc":{"start":{"line":6,"column":2},"end":{"line":8,"column":17}},"line":6}},"branchMap":{},"s":{"0":1,"1":0,"2":1},"f":{"0":0},"b":{},"_coverageSchema":"1a1c01bbd47fc00a2c39e90264f33305004495a9","hash":"2de05dd29146d1614b732e6b48ac5568e6a6ee2f"}
,"C:\\Users\\Geryon\\SeegmaV2\\src\\components\\graph\\graph.js": {"path":"C:\\Users\\Geryon\\SeegmaV2\\src\\components\\graph\\graph.js","statementMap":{"0":{"start":{"line":22,"column":8},"end":{"line":22,"column":21}},"1":{"start":{"line":23,"column":8},"end":{"line":27,"column":9}},"2":{"start":{"line":28,"column":8},"end":{"line":28,"column":63}},"3":{"start":{"line":29,"column":8},"end":{"line":29,"column":63}},"4":{"start":{"line":31,"column":25},"end":{"line":31,"column":37}},"5":{"start":{"line":35,"column":8},"end":{"line":45,"column":14}},"6":{"start":{"line":37,"column":16},"end":{"line":44,"column":17}},"7":{"start":{"line":38,"column":20},"end":{"line":38,"column":65}},"8":{"start":{"line":41,"column":31},"end":{"line":41,"column":47}},"9":{"start":{"line":42,"column":41},"end":{"line":42,"column":66}},"10":{"start":{"line":43,"column":20},"end":{"line":43,"column":101}},"11":{"start":{"line":51,"column":8},"end":{"line":81,"column":9}},"12":{"start":{"line":52,"column":12},"end":{"line":68,"column":51}},"13":{"start":{"line":54,"column":20},"end":{"line":66,"column":21}},"14":{"start":{"line":55,"column":24},"end":{"line":55,"column":69}},"15":{"start":{"line":58,"column":35},"end":{"line":58,"column":51}},"16":{"start":{"line":59,"column":37},"end":{"line":59,"column":39}},"17":{"start":{"line":60,"column":39},"end":{"line":60,"column":41}},"18":{"start":{"line":61,"column":24},"end":{"line":64,"column":27}},"19":{"start":{"line":62,"column":28},"end":{"line":62,"column":51}},"20":{"start":{"line":63,"column":28},"end":{"line":63,"column":55}},"21":{"start":{"line":65,"column":24},"end":{"line":65,"column":211}},"22":{"start":{"line":68,"column":32},"end":{"line":68,"column":50}},"23":{"start":{"line":70,"column":12},"end":{"line":80,"column":51}},"24":{"start":{"line":72,"column":20},"end":{"line":78,"column":21}},"25":{"start":{"line":73,"column":24},"end":{"line":73,"column":69}},"26":{"start":{"line":76,"column":35},"end":{"line":76,"column":51}},"27":{"start":{"line":77,"column":24},"end":{"line":77,"column":176}},"28":{"start":{"line":80,"column":32},"end":{"line":80,"column":50}},"29":{"start":{"line":87,"column":19},"end":{"line":87,"column":38}},"30":{"start":{"line":89,"column":8},"end":{"line":93,"column":11}},"31":{"start":{"line":90,"column":12},"end":{"line":92,"column":13}},"32":{"start":{"line":91,"column":16},"end":{"line":91,"column":58}},"33":{"start":{"line":94,"column":29},"end":{"line":94,"column":54}},"34":{"start":{"line":95,"column":8},"end":{"line":95,"column":89}},"35":{"start":{"line":101,"column":8},"end":{"line":136,"column":9}},"36":{"start":{"line":102,"column":33},"end":{"line":102,"column":159}},"37":{"start":{"line":103,"column":12},"end":{"line":103,"column":33}},"38":{"start":{"line":105,"column":33},"end":{"line":105,"column":148}},"39":{"start":{"line":106,"column":27},"end":{"line":106,"column":29}},"40":{"start":{"line":107,"column":30},"end":{"line":107,"column":103}},"41":{"start":{"line":109,"column":12},"end":{"line":127,"column":15}},"42":{"start":{"line":110,"column":16},"end":{"line":118,"column":17}},"43":{"start":{"line":111,"column":20},"end":{"line":117,"column":22}},"44":{"start":{"line":119,"column":16},"end":{"line":125,"column":18}},"45":{"start":{"line":129,"column":12},"end":{"line":129,"column":61}},"46":{"start":{"line":130,"column":12},"end":{"line":130,"column":75}},"47":{"start":{"line":131,"column":12},"end":{"line":131,"column":64}},"48":{"start":{"line":133,"column":12},"end":{"line":133,"column":64}},"49":{"start":{"line":134,"column":12},"end":{"line":134,"column":75}},"50":{"start":{"line":135,"column":12},"end":{"line":135,"column":33}},"51":{"start":{"line":140,"column":8},"end":{"line":151,"column":24}},"52":{"start":{"line":142,"column":16},"end":{"line":144,"column":17}},"53":{"start":{"line":143,"column":20},"end":{"line":143,"column":45}},"54":{"start":{"line":146,"column":16},"end":{"line":149,"column":18}},"55":{"start":{"line":152,"column":8},"end":{"line":152,"column":19}},"56":{"start":{"line":158,"column":15},"end":{"line":160,"column":5}},"57":{"start":{"line":159,"column":8},"end":{"line":159,"column":47}},"58":{"start":{"line":161,"column":16},"end":{"line":163,"column":5}},"59":{"start":{"line":162,"column":8},"end":{"line":162,"column":47}},"60":{"start":{"line":165,"column":17},"end":{"line":167,"column":5}},"61":{"start":{"line":166,"column":8},"end":{"line":166,"column":103}},"62":{"start":{"line":166,"column":65},"end":{"line":166,"column":99}},"63":{"start":{"line":168,"column":18},"end":{"line":170,"column":5}},"64":{"start":{"line":169,"column":8},"end":{"line":169,"column":116}},"65":{"start":{"line":169,"column":66},"end":{"line":169,"column":112}},"66":{"start":{"line":173,"column":8},"end":{"line":188,"column":9}}},"fnMap":{"0":{"name":"(anonymous_0)","decl":{"start":{"line":21,"column":4},"end":{"line":21,"column":5}},"loc":{"start":{"line":21,"column":23},"end":{"line":30,"column":5}},"line":21},"1":{"name":"(anonymous_1)","decl":{"start":{"line":34,"column":4},"end":{"line":34,"column":5}},"loc":{"start":{"line":34,"column":24},"end":{"line":46,"column":5}},"line":34},"2":{"name":"(anonymous_2)","decl":{"start":{"line":36,"column":18},"end":{"line":36,"column":19}},"loc":{"start":{"line":36,"column":30},"end":{"line":45,"column":13}},"line":36},"3":{"name":"(anonymous_3)","decl":{"start":{"line":50,"column":4},"end":{"line":50,"column":5}},"loc":{"start":{"line":50,"column":24},"end":{"line":83,"column":5}},"line":50},"4":{"name":"(anonymous_4)","decl":{"start":{"line":53,"column":22},"end":{"line":53,"column":23}},"loc":{"start":{"line":53,"column":34},"end":{"line":67,"column":17}},"line":53},"5":{"name":"(anonymous_5)","decl":{"start":{"line":61,"column":49},"end":{"line":61,"column":50}},"loc":{"start":{"line":61,"column":60},"end":{"line":64,"column":25}},"line":61},"6":{"name":"(anonymous_6)","decl":{"start":{"line":68,"column":23},"end":{"line":68,"column":24}},"loc":{"start":{"line":68,"column":32},"end":{"line":68,"column":50}},"line":68},"7":{"name":"(anonymous_7)","decl":{"start":{"line":71,"column":22},"end":{"line":71,"column":23}},"loc":{"start":{"line":71,"column":34},"end":{"line":79,"column":17}},"line":71},"8":{"name":"(anonymous_8)","decl":{"start":{"line":80,"column":23},"end":{"line":80,"column":24}},"loc":{"start":{"line":80,"column":32},"end":{"line":80,"column":50}},"line":80},"9":{"name":"(anonymous_9)","decl":{"start":{"line":86,"column":4},"end":{"line":86,"column":5}},"loc":{"start":{"line":86,"column":24},"end":{"line":96,"column":5}},"line":86},"10":{"name":"(anonymous_10)","decl":{"start":{"line":89,"column":21},"end":{"line":89,"column":22}},"loc":{"start":{"line":89,"column":32},"end":{"line":93,"column":9}},"line":89},"11":{"name":"(anonymous_11)","decl":{"start":{"line":100,"column":4},"end":{"line":100,"column":5}},"loc":{"start":{"line":100,"column":25},"end":{"line":137,"column":5}},"line":100},"12":{"name":"(anonymous_12)","decl":{"start":{"line":109,"column":25},"end":{"line":109,"column":26}},"loc":{"start":{"line":109,"column":36},"end":{"line":127,"column":13}},"line":109},"13":{"name":"(anonymous_13)","decl":{"start":{"line":139,"column":4},"end":{"line":139,"column":5}},"loc":{"start":{"line":139,"column":23},"end":{"line":154,"column":5}},"line":139},"14":{"name":"(anonymous_14)","decl":{"start":{"line":141,"column":24},"end":{"line":141,"column":25}},"loc":{"start":{"line":141,"column":30},"end":{"line":151,"column":13}},"line":141},"15":{"name":"(anonymous_15)","decl":{"start":{"line":146,"column":23},"end":{"line":146,"column":24}},"loc":{"start":{"line":146,"column":29},"end":{"line":149,"column":17}},"line":146},"16":{"name":"(anonymous_16)","decl":{"start":{"line":158,"column":15},"end":{"line":158,"column":16}},"loc":{"start":{"line":159,"column":8},"end":{"line":159,"column":47}},"line":159},"17":{"name":"(anonymous_17)","decl":{"start":{"line":161,"column":16},"end":{"line":161,"column":17}},"loc":{"start":{"line":162,"column":8},"end":{"line":162,"column":47}},"line":162},"18":{"name":"(anonymous_18)","decl":{"start":{"line":165,"column":17},"end":{"line":165,"column":18}},"loc":{"start":{"line":166,"column":8},"end":{"line":166,"column":103}},"line":166},"19":{"name":"(anonymous_19)","decl":{"start":{"line":166,"column":59},"end":{"line":166,"column":60}},"loc":{"start":{"line":166,"column":65},"end":{"line":166,"column":99}},"line":166},"20":{"name":"(anonymous_20)","decl":{"start":{"line":168,"column":18},"end":{"line":168,"column":19}},"loc":{"start":{"line":169,"column":8},"end":{"line":169,"column":116}},"line":169},"21":{"name":"(anonymous_21)","decl":{"start":{"line":169,"column":60},"end":{"line":169,"column":61}},"loc":{"start":{"line":169,"column":66},"end":{"line":169,"column":112}},"line":169},"22":{"name":"(anonymous_22)","decl":{"start":{"line":172,"column":4},"end":{"line":172,"column":5}},"loc":{"start":{"line":172,"column":13},"end":{"line":189,"column":5}},"line":172}},"branchMap":{"0":{"loc":{"start":{"line":37,"column":16},"end":{"line":44,"column":17}},"type":"if","locations":[{"start":{"line":37,"column":16},"end":{"line":44,"column":17}},{"start":{"line":37,"column":16},"end":{"line":44,"column":17}}],"line":37},"1":{"loc":{"start":{"line":37,"column":20},"end":{"line":37,"column":81}},"type":"binary-expr","locations":[{"start":{"line":37,"column":20},"end":{"line":37,"column":49}},{"start":{"line":37,"column":53},"end":{"line":37,"column":81}}],"line":37},"2":{"loc":{"start":{"line":51,"column":8},"end":{"line":81,"column":9}},"type":"if","locations":[{"start":{"line":51,"column":8},"end":{"line":81,"column":9}},{"start":{"line":51,"column":8},"end":{"line":81,"column":9}}],"line":51},"3":{"loc":{"start":{"line":54,"column":20},"end":{"line":66,"column":21}},"type":"if","locations":[{"start":{"line":54,"column":20},"end":{"line":66,"column":21}},{"start":{"line":54,"column":20},"end":{"line":66,"column":21}}],"line":54},"4":{"loc":{"start":{"line":54,"column":24},"end":{"line":54,"column":85}},"type":"binary-expr","locations":[{"start":{"line":54,"column":24},"end":{"line":54,"column":53}},{"start":{"line":54,"column":57},"end":{"line":54,"column":85}}],"line":54},"5":{"loc":{"start":{"line":72,"column":20},"end":{"line":78,"column":21}},"type":"if","locations":[{"start":{"line":72,"column":20},"end":{"line":78,"column":21}},{"start":{"line":72,"column":20},"end":{"line":78,"column":21}}],"line":72},"6":{"loc":{"start":{"line":72,"column":24},"end":{"line":72,"column":85}},"type":"binary-expr","locations":[{"start":{"line":72,"column":24},"end":{"line":72,"column":53}},{"start":{"line":72,"column":57},"end":{"line":72,"column":85}}],"line":72},"7":{"loc":{"start":{"line":90,"column":12},"end":{"line":92,"column":13}},"type":"if","locations":[{"start":{"line":90,"column":12},"end":{"line":92,"column":13}},{"start":{"line":90,"column":12},"end":{"line":92,"column":13}}],"line":90},"8":{"loc":{"start":{"line":101,"column":8},"end":{"line":136,"column":9}},"type":"if","locations":[{"start":{"line":101,"column":8},"end":{"line":136,"column":9}},{"start":{"line":101,"column":8},"end":{"line":136,"column":9}}],"line":101},"9":{"loc":{"start":{"line":110,"column":16},"end":{"line":118,"column":17}},"type":"if","locations":[{"start":{"line":110,"column":16},"end":{"line":118,"column":17}},{"start":{"line":110,"column":16},"end":{"line":118,"column":17}}],"line":110},"10":{"loc":{"start":{"line":142,"column":16},"end":{"line":144,"column":17}},"type":"if","locations":[{"start":{"line":142,"column":16},"end":{"line":144,"column":17}},{"start":{"line":142,"column":16},"end":{"line":144,"column":17}}],"line":142}},"s":{"0":0,"1":0,"2":0,"3":0,"4":1,"5":0,"6":0,"7":0,"8":0,"9":0,"10":0,"11":0,"12":0,"13":0,"14":0,"15":0,"16":0,"17":0,"18":0,"19":0,"20":0,"21":0,"22":0,"23":0,"24":0,"25":0,"26":0,"27":0,"28":0,"29":0,"30":0,"31":0,"32":0,"33":0,"34":0,"35":0,"36":0,"37":0,"38":0,"39":0,"40":0,"41":0,"42":0,"43":0,"44":0,"45":0,"46":0,"47":0,"48":0,"49":0,"50":0,"51":0,"52":0,"53":0,"54":0,"55":0,"56":0,"57":0,"58":0,"59":0,"60":0,"61":0,"62":0,"63":0,"64":0,"65":0,"66":0},"f":{"0":0,"1":0,"2":0,"3":0,"4":0,"5":0,"6":0,"7":0,"8":0,"9":0,"10":0,"11":0,"12":0,"13":0,"14":0,"15":0,"16":0,"17":0,"18":0,"19":0,"20":0,"21":0,"22":0},"b":{"0":[0,0],"1":[0,0],"2":[0,0],"3":[0,0],"4":[0,0],"5":[0,0],"6":[0,0],"7":[0,0],"8":[0,0],"9":[0,0],"10":[0,0]},"_coverageSchema":"1a1c01bbd47fc00a2c39e90264f33305004495a9","hash":"0f7884cedd0bb79ac6a29bb1415de42666ef9650"}
,"C:\\Users\\Geryon\\SeegmaV2\\src\\components\\graph\\graphDisp.js": {"path":"C:\\Users\\Geryon\\SeegmaV2\\src\\components\\graph\\graphDisp.js","statementMap":{"0":{"start":{"line":24,"column":4},"end":{"line":24,"column":17}},"1":{"start":{"line":25,"column":4},"end":{"line":36,"column":5}},"2":{"start":{"line":38,"column":4},"end":{"line":38,"column":53}},"3":{"start":{"line":39,"column":4},"end":{"line":39,"column":57}},"4":{"start":{"line":40,"column":4},"end":{"line":40,"column":50}},"5":{"start":{"line":41,"column":4},"end":{"line":41,"column":44}},"6":{"start":{"line":43,"column":23},"end":{"line":43,"column":35}},"7":{"start":{"line":47,"column":4},"end":{"line":74,"column":5}},"8":{"start":{"line":49,"column":6},"end":{"line":59,"column":10}},"9":{"start":{"line":51,"column":10},"end":{"line":58,"column":11}},"10":{"start":{"line":52,"column":12},"end":{"line":52,"column":57}},"11":{"start":{"line":55,"column":23},"end":{"line":55,"column":39}},"12":{"start":{"line":56,"column":34},"end":{"line":56,"column":59}},"13":{"start":{"line":57,"column":12},"end":{"line":57,"column":143}},"14":{"start":{"line":62,"column":6},"end":{"line":73,"column":10}},"15":{"start":{"line":64,"column":10},"end":{"line":72,"column":11}},"16":{"start":{"line":65,"column":12},"end":{"line":65,"column":57}},"17":{"start":{"line":68,"column":23},"end":{"line":68,"column":39}},"18":{"start":{"line":69,"column":34},"end":{"line":69,"column":59}},"19":{"start":{"line":70,"column":12},"end":{"line":70,"column":39}},"20":{"start":{"line":71,"column":12},"end":{"line":71,"column":96}},"21":{"start":{"line":78,"column":4},"end":{"line":81,"column":5}},"22":{"start":{"line":79,"column":6},"end":{"line":79,"column":49}},"23":{"start":{"line":80,"column":6},"end":{"line":80,"column":30}},"24":{"start":{"line":86,"column":25},"end":{"line":86,"column":27}},"25":{"start":{"line":87,"column":15},"end":{"line":87,"column":17}},"26":{"start":{"line":88,"column":15},"end":{"line":88,"column":44}},"27":{"start":{"line":89,"column":4},"end":{"line":97,"column":7}},"28":{"start":{"line":90,"column":6},"end":{"line":96,"column":9}},"29":{"start":{"line":91,"column":8},"end":{"line":95,"column":9}},"30":{"start":{"line":92,"column":10},"end":{"line":92,"column":19}},"31":{"start":{"line":93,"column":10},"end":{"line":93,"column":49}},"32":{"start":{"line":94,"column":10},"end":{"line":94,"column":35}},"33":{"start":{"line":98,"column":4},"end":{"line":98,"column":25}},"34":{"start":{"line":103,"column":4},"end":{"line":103,"column":35}},"35":{"start":{"line":108,"column":4},"end":{"line":108,"column":33}},"36":{"start":{"line":113,"column":4},"end":{"line":113,"column":43}},"37":{"start":{"line":118,"column":4},"end":{"line":122,"column":5}},"38":{"start":{"line":119,"column":6},"end":{"line":119,"column":39}},"39":{"start":{"line":121,"column":6},"end":{"line":121,"column":79}},"40":{"start":{"line":128,"column":13},"end":{"line":130,"column":3}},"41":{"start":{"line":129,"column":4},"end":{"line":129,"column":49}},"42":{"start":{"line":131,"column":13},"end":{"line":133,"column":3}},"43":{"start":{"line":132,"column":4},"end":{"line":132,"column":43}},"44":{"start":{"line":135,"column":15},"end":{"line":137,"column":3}},"45":{"start":{"line":136,"column":4},"end":{"line":136,"column":95}},"46":{"start":{"line":136,"column":61},"end":{"line":136,"column":91}},"47":{"start":{"line":138,"column":15},"end":{"line":140,"column":3}},"48":{"start":{"line":139,"column":4},"end":{"line":139,"column":97}},"49":{"start":{"line":139,"column":61},"end":{"line":139,"column":93}},"50":{"start":{"line":144,"column":4},"end":{"line":169,"column":5}},"51":{"start":{"line":145,"column":6},"end":{"line":149,"column":7}},"52":{"start":{"line":152,"column":6},"end":{"line":168,"column":22}},"53":{"start":{"line":174,"column":15},"end":{"line":187,"column":2}}},"fnMap":{"0":{"name":"(anonymous_0)","decl":{"start":{"line":23,"column":2},"end":{"line":23,"column":3}},"loc":{"start":{"line":23,"column":21},"end":{"line":42,"column":3}},"line":23},"1":{"name":"(anonymous_1)","decl":{"start":{"line":46,"column":2},"end":{"line":46,"column":3}},"loc":{"start":{"line":46,"column":28},"end":{"line":75,"column":3}},"line":46},"2":{"name":"(anonymous_2)","decl":{"start":{"line":50,"column":14},"end":{"line":50,"column":15}},"loc":{"start":{"line":50,"column":26},"end":{"line":59,"column":9}},"line":50},"3":{"name":"(anonymous_3)","decl":{"start":{"line":63,"column":14},"end":{"line":63,"column":15}},"loc":{"start":{"line":63,"column":26},"end":{"line":73,"column":9}},"line":63},"4":{"name":"(anonymous_4)","decl":{"start":{"line":77,"column":2},"end":{"line":77,"column":3}},"loc":{"start":{"line":77,"column":43},"end":{"line":82,"column":3}},"line":77},"5":{"name":"(anonymous_5)","decl":{"start":{"line":85,"column":2},"end":{"line":85,"column":3}},"loc":{"start":{"line":85,"column":22},"end":{"line":99,"column":3}},"line":85},"6":{"name":"(anonymous_6)","decl":{"start":{"line":89,"column":26},"end":{"line":89,"column":27}},"loc":{"start":{"line":89,"column":37},"end":{"line":97,"column":5}},"line":89},"7":{"name":"(anonymous_7)","decl":{"start":{"line":90,"column":19},"end":{"line":90,"column":20}},"loc":{"start":{"line":90,"column":26},"end":{"line":96,"column":7}},"line":90},"8":{"name":"(anonymous_8)","decl":{"start":{"line":102,"column":2},"end":{"line":102,"column":3}},"loc":{"start":{"line":102,"column":24},"end":{"line":104,"column":3}},"line":102},"9":{"name":"(anonymous_9)","decl":{"start":{"line":107,"column":2},"end":{"line":107,"column":3}},"loc":{"start":{"line":107,"column":17},"end":{"line":109,"column":3}},"line":107},"10":{"name":"(anonymous_10)","decl":{"start":{"line":112,"column":2},"end":{"line":112,"column":3}},"loc":{"start":{"line":112,"column":22},"end":{"line":114,"column":3}},"line":112},"11":{"name":"(anonymous_11)","decl":{"start":{"line":116,"column":2},"end":{"line":116,"column":3}},"loc":{"start":{"line":116,"column":32},"end":{"line":125,"column":3}},"line":116},"12":{"name":"(anonymous_12)","decl":{"start":{"line":128,"column":13},"end":{"line":128,"column":14}},"loc":{"start":{"line":129,"column":4},"end":{"line":129,"column":49}},"line":129},"13":{"name":"(anonymous_13)","decl":{"start":{"line":131,"column":13},"end":{"line":131,"column":14}},"loc":{"start":{"line":132,"column":4},"end":{"line":132,"column":43}},"line":132},"14":{"name":"(anonymous_14)","decl":{"start":{"line":135,"column":15},"end":{"line":135,"column":16}},"loc":{"start":{"line":136,"column":4},"end":{"line":136,"column":95}},"line":136},"15":{"name":"(anonymous_15)","decl":{"start":{"line":136,"column":55},"end":{"line":136,"column":56}},"loc":{"start":{"line":136,"column":61},"end":{"line":136,"column":91}},"line":136},"16":{"name":"(anonymous_16)","decl":{"start":{"line":138,"column":15},"end":{"line":138,"column":16}},"loc":{"start":{"line":139,"column":4},"end":{"line":139,"column":97}},"line":139},"17":{"name":"(anonymous_17)","decl":{"start":{"line":139,"column":55},"end":{"line":139,"column":56}},"loc":{"start":{"line":139,"column":61},"end":{"line":139,"column":93}},"line":139},"18":{"name":"(anonymous_18)","decl":{"start":{"line":142,"column":2},"end":{"line":142,"column":3}},"loc":{"start":{"line":142,"column":11},"end":{"line":170,"column":3}},"line":142}},"branchMap":{"0":{"loc":{"start":{"line":47,"column":4},"end":{"line":74,"column":5}},"type":"if","locations":[{"start":{"line":47,"column":4},"end":{"line":74,"column":5}},{"start":{"line":47,"column":4},"end":{"line":74,"column":5}}],"line":47},"1":{"loc":{"start":{"line":51,"column":10},"end":{"line":58,"column":11}},"type":"if","locations":[{"start":{"line":
[...]
_2)","decl":{"start":{"line":34,"column":21},"end":{"line":34,"column":22}},"loc":{"start":{"line":34,"column":32},"end":{"line":38,"column":9}},"line":34},"3":{"name":"(anonymous_3)","decl":{"start":{"line":44,"column":4},"end":{"line":44,"column":5}},"loc":{"start":{"line":44,"column":24},"end":{"line":54,"column":5}},"line":44},"4":{"name":"(anonymous_4)","decl":{"start":{"line":47,"column":21},"end":{"line":47,"column":22}},"loc":{"start":{"line":47,"column":32},"end":{"line":51,"column":9}},"line":47},"5":{"name":"(anonymous_5)","decl":{"start":{"line":58,"column":4},"end":{"line":58,"column":5}},"loc":{"start":{"line":58,"column":24},"end":{"line":72,"column":5}},"line":58},"6":{"name":"(anonymous_6)","decl":{"start":{"line":62,"column":18},"end":{"line":62,"column":19}},"loc":{"start":{"line":62,"column":30},"end":{"line":71,"column":13}},"line":62},"7":{"name":"(anonymous_7)","decl":{"start":{"line":76,"column":4},"end":{"line":76,"column":5}},"loc":{"start":{"line":76,"column":25},"end":{"line":114,"column":5}},"line":76},"8":{"name":"(anonymous_8)","decl":{"start":{"line":87,"column":25},"end":{"line":87,"column":26}},"loc":{"start":{"line":87,"column":36},"end":{"line":105,"column":13}},"line":87},"9":{"name":"(anonymous_9)","decl":{"start":{"line":118,"column":15},"end":{"line":118,"column":16}},"loc":{"start":{"line":119,"column":8},"end":{"line":119,"column":47}},"line":119},"10":{"name":"(anonymous_10)","decl":{"start":{"line":121,"column":16},"end":{"line":121,"column":17}},"loc":{"start":{"line":122,"column":8},"end":{"line":122,"column":47}},"line":122},"11":{"name":"(anonymous_11)","decl":{"start":{"line":125,"column":17},"end":{"line":125,"column":18}},"loc":{"start":{"line":126,"column":8},"end":{"line":126,"column":103}},"line":126},"12":{"name":"(anonymous_12)","decl":{"start":{"line":126,"column":59},"end":{"line":126,"column":60}},"loc":{"start":{"line":126,"column":65},"end":{"line":126,"column":99}},"line":126},"13":{"name":"(anonymous_13)","decl":{"start":{"line":128,"column":18},"end":{"line":128,"column":19}},"loc":{"start":{"line":129,"column":8},"end":{"line":129,"column":116}},"line":129},"14":{"name":"(anonymous_14)","decl":{"start":{"line":129,"column":60},"end":{"line":129,"column":61}},"loc":{"start":{"line":129,"column":66},"end":{"line":129,"column":112}},"line":129},"15":{"name":"(anonymous_15)","decl":{"start":{"line":132,"column":4},"end":{"line":132,"column":5}},"loc":{"start":{"line":132,"column":13},"end":{"line":145,"column":5}},"line":132}},"branchMap":{"0":{"loc":{"start":{"line":35,"column":12},"end":{"line":37,"column":13}},"type":"if","locations":[{"start":{"line":35,"column":12},"end":{"line":37,"column":13}},{"start":{"line":35,"column":12},"end":{"line":37,"column":13}}],"line":35},"1":{"loc":{"start":{"line":48,"column":12},"end":{"line":50,"column":13}},"type":"if","locations":[{"start":{"line":48,"column":12},"end":{"line":50,"column":13}},{"start":{"line":48,"column":12},"end":{"line":50,"column":13}}],"line":48},"2":{"loc":{"start":{"line":63,"column":16},"end":{"line":70,"column":17}},"type":"if","locations":[{"start":{"line":63,"column":16},"end":{"line":70,"column":17}},{"start":{"line":63,"column":16},"end":{"line":70,"column":17}}],"line":63},"3":{"loc":{"start":{"line":63,"column":20},"end":{"line":63,"column":81}},"type":"binary-expr","locations":[{"start":{"line":63,"column":20},"end":{"line":63,"column":49}},{"start":{"line":63,"column":53},"end":{"line":63,"column":81}}],"line":63},"4":{"loc":{"start":{"line":77,"column":8},"end":{"line":113,"column":9}},"type":"if","locations":[{"start":{"line":77,"column":8},"end":{"line":113,"column":9}},{"start":{"line":77,"column":8},"end":{"line":113,"column":9}}],"line":77},"5":{"loc":{"start":{"line":88,"column":16},"end":{"line":96,"column":17}},"type":"if","locations":[{"start":{"line":88,"column":16},"end":{"line":96,"column":17}},{"start":{"line":88,"column":16},"end":{"line":96,"column":17}}],"line":88}},"s":{"0":1,"1":1,"2":1,"3":1,"4":2,"5":0,"6":0,"7":0,"8":0,"9":0,"10":0,"11":0,"12":0,"13":0,"14":0,"15":0,"16":0,"17":0,"18":1,"19":1,"20":0,"21":0,"22":0,"23":0,"24":0,"25":0,"26":0,"27":0,"28":0,"29":0,"30":0,"31":0,"32":0,"33":0,"34":0,"35":0,"36":0,"37":0,"38":0,"39":0,"40":0,"41":1,"42":2,"43":1,"44":2,"45":1,"46":2,"47":0,"48":1,"49":2,"50":0,"51":1},"f":{"0":1,"1":0,"2":0,"3":0,"4":0,"5":1,"6":0,"7":0,"8":0,"9":2,"10":2,"11":2,"12":0,"13":2,"14":0,"15":1},"b":{"0":[0,0],"1":[0,0],"2":[0,0],"3":[0,0],"4":[0,0],"5":[0,0]},"_coverageSchema":"1a1c01bbd47fc00a2c39e90264f33305004495a9","hash":"1bed992e4f8681ab364fb611e436bfefdb0f3d27"}
,"C:\\Users\\Geryon\\SeegmaV2\\src\\navigation\\nav.js": {"path":"C:\\Users\\Geryon\\SeegmaV2\\src\\navigation\\nav.js","statementMap":{"0":{"start":{"line":39,"column":15},"end":{"line":39,"column":38}},"1":{"start":{"line":40,"column":14},"end":{"line":40,"column":36}},"2":{"start":{"line":41,"column":12},"end":{"line":41,"column":38}},"3":{"start":{"line":43,"column":29},"end":{"line":43,"column":46}},"4":{"start":{"line":46,"column":2},"end":{"line":46,"column":64}},"5":{"start":{"line":51,"column":4},"end":{"line":51,"column":17}},"6":{"start":{"line":52,"column":4},"end":{"line":55,"column":5}},"7":{"start":{"line":61,"column":4},"end":{"line":61,"column":23}},"8":{"start":{"line":62,"column":4},"end":{"line":62,"column":39}},"9":{"start":{"line":63,"column":4},"end":{"line":64,"column":40}},"10":{"start":{"line":65,"column":4},"end":{"line":65,"column":18}},"11":{"start":{"line":70,"column":13},"end":{"line":77,"column":3}},"12":{"start":{"line":71,"column":4},"end":{"line":76,"column":6}},"13":{"start":{"line":73,"column":61},"end":{"line":73,"column":147}},"14":{"start":{"line":74,"column":54},"end":{"line":74,"column":140}},"15":{"start":{"line":80,"column":12},"end":{"line":87,"column":3}},"16":{"start":{"line":81,"column":4},"end":{"line":86,"column":6}},"17":{"start":{"line":83,"column":51},"end":{"line":83,"column":134}},"18":{"start":{"line":84,"column":48},"end":{"line":84,"column":128}},"19":{"start":{"line":90,"column":13},"end":{"line":100,"column":3}},"20":{"start":{"line":91,"column":4},"end":{"line":99,"column":6}},"21":{"start":{"line":93,"column":48},"end":{"line":93,"column":128}},"22":{"start":{"line":94,"column":53},"end":{"line":94,"column":138}},"23":{"start":{"line":95,"column":56},"end":{"line":95,"column":144}},"24":{"start":{"line":96,"column":56},"end":{"line":96,"column":142}},"25":{"start":{"line":97,"column":54},"end":{"line":97,"column":138}},"26":{"start":{"line":103,"column":13},"end":{"line":110,"column":3}},"27":{"start":{"line":104,"column":4},"end":{"line":109,"column":6}},"28":{"start":{"line":106,"column":48},"end":{"line":106,"column":127}},"29":{"start":{"line":107,"column":47},"end":{"line":107,"column":131}},"30":{"start":{"line":113,"column":15},"end":{"line":121,"column":3}},"31":{"start":{"line":114,"column":4},"end":{"line":120,"column":5}},"32":{"start":{"line":116,"column":47},"end":{"line":116,"column":116}},"33":{"start":{"line":117,"column":48},"end":{"line":117,"column":99}},"34":{"start":{"line":118,"column":47},"end":{"line":118,"column":97}},"35":{"start":{"line":124,"column":18},"end":{"line":149,"column":3}},"36":{"start":{"line":125,"column":4},"end":{"line":148,"column":5}},"37":{"start":{"line":127,"column":39},"end":{"line":143,"column":9}},"38":{"start":{"line":130,"column":12},"end":{"line":136,"column":13}},"39":{"start":{"line":131,"column":14},"end":{"line":131,"column":65}},"40":{"start":{"line":132,"column":19},"end":{"line":136,"column":13}},"41":{"start":{"line":133,"column":14},"end":{"line":133,"column":63}},"42":{"start":{"line":134,"column":19},"end":{"line":136,"column":13}},"43":{"start":{"line":135,"column":14},"end":{"line":135,"column":61}},"44":{"start":{"line":138,"column":12},"end":{"line":141,"column":65}},"45":{"start":{"line":152,"column":14},"end":{"line":195,"column":3}},"46":{"start":{"line":153,"column":4},"end":{"line":194,"column":5}},"47":{"start":{"line":162,"column":34},"end":{"line":179,"column":13}},"48":{"start":{"line":169,"column":20},"end":{"line":170,"column":51}},"49":{"start":{"line":175,"column":20},"end":{"line":176,"column":49}},"50":{"start":{"line":180,"column":12},"end":{"line":188,"column":14}},"51":{"start":{"line":185,"column":35},"end":{"line":185,"column":48}},"52":{"start":{"line":190,"column":47},"end":{"line":190,"column":126}},"53":{"start":{"line":198,"column":15},"end":{"line":198,"column":44}},"54":{"start":{"line":199,"column":4},"end":{"line":199,"column":21}},"55":{"start":{"line":200,"column":4},"end":{"line":205,"column":5}},"56":{"start":{"line":201,"column":6},"end":{"line":201,"column":49}},"57":{"start":{"line":202,"column":6},"end":{"line":202,"column":60}},"58":{"start":{"line":204,"column":6},"end":{"line":204,"column":38}},"59":{"start":{"line":209,"column":23},"end":{"line":209,"column":35}},"60":{"start":{"line":212,"column":6},"end":{"line":227,"column":8}},"61":{"start":{"line":213,"column":8},"end":{"line":217,"column":9}},"62":{"start":{"line":220,"column":6},"end":{"line":227,"column":7}},"63":{"start":{"line":222,"column":49},"end":{"line":222,"column":129}},"64":{"start":{"line":223,"column":50},"end":{"line":223,"column":130}},"65":{"start":{"line":224,"column":49},"end":{"line":224,"column":128}}},"fnMap":{"0":{"name":"reset","decl":{"start":{"line":45,"column":16},"end":{"line":45,"column":21}},"loc":{"start":{"line":45,"column":28},"end":{"line":47,"column":1}},"line":45},"1":{"name":"(anonymous_1)","decl":{"start":{"line":50,"column":2},"end":{"line":50,"column":3}},"loc":{"start":{"line":50,"column":21},"end":{"line":57,"column":3}},"line":50},"2":{"name":"(anonymous_2)","decl":{"start":{"line":60,"column":2},"end":{"line":60,"column":3}},"loc":{"start":{"line":60,"column":9},"end":{"line":66,"column":3}},"line":60},"3":{"name":"(anonymous_3)","decl":{"start":{"line":70,"column":13},"end":{"line":70,"column":14}},"loc":{"start":{"line":70,"column":19},"end":{"line":77,"column":3}},"line":70},"4":{"name":"(anonymous_4)","decl":{"start":{"line":73,"column":52},"end":{"line":73,"column":53}},"loc":{"start":{"line":73,"column":61},"end":{"line":73,"column":147}},"line":73},"5":{"name":"(anonymous_5)","decl":{"start":{"line":74,"column":45},"end":{"line":74,"column":46}},"loc":{"start":{"line":74,"column":54},"end":{"line":74,"column":140}},"line":74},"6":{"name":"(anonymous_6)","decl":{"start":{"line":80,"column":12},"end":{"line":80,"column":13}},"loc":{"start":{"line":80,"column":18},"end":{"line":87,"column":3}},"line":80},"7":{"name":"(anonymous_7)","decl":{"start":{"line":83,"column":42},"end":{"line":83,"column":43}},"loc":{"start":{"line":83,"column":51},"end":{"line":83,"column":134}},"line":83},"8":{"name":"(anonymous_8)","decl":{"start":{"line":84,"column":39},"end":{"line":84,"column":40}},"loc":{"start":{"line":84,"column":48},"end":{"line":84,"column":128}},"line":84},"9":{"name":"(anonymous_9)","decl":{"start":{"line":90,"column":13},"end":{"line":90,"column":14}},"loc":{"start":{"line":90,"column":19},"end":{"line":100,"column":3}},"line":90},"10":{"name":"(anonymous_10)","decl":{"start":{"line":93,"column":39},"end":{"line":93,"column":40}},"loc":{"start":{"line":93,"column":48},"end":{"line":93,"column":128}},"line":93},"11":{"name":"(anonymous_11)","decl":{"start":{"line":94,"column":44},"end":{"line":94,"column":45}},"loc":{"start":{"line":94,"column":53},"end":{"line":94,"column":138}},"line":94},"12":{"name":"(anonymous_12)","decl":{"start":{"line":95,"column":47},"end":{"line":95,"column":48}},"loc":{"start":{"line":95,"column":56},"end":{"line":95,"column":144}},"line":95},"13":{"name":"(anonymous_13)","decl":{"start":{"line":96,"column":47},"end":{"line":96,"column":48}},"loc":{"start":{"line":96,"column":56},"end":{"line":96,"column":142}},"line":96},"14":{"name":"(anonymous_14)","decl":{"start":{"line":97,"column":45},"end":{"line":97,"column":46}},"loc":{"start":{"line":97,"column":54},"end":{"line":97,"column":138}},"line":97},"15":{"name":"(anonymous_15)","decl":{"start":{"line":103,"column":13},"end":{"line":103,"column":14}},"loc":{"start":{"line":103,"column":19},"end":{"line":110,"column":3}},"line":103},"16":{"name":"(anonymous_16)","decl":{"start":{"line":106,"column":39},"end":{"line":106,"column":40}},"loc":{"start":{"line":106,"column":48},"end":{"line":106,"column":127}},"line":106},"17":{"name":"(anonymous_17)","decl":{"start":{"line":107,"column":38},"end":{"line":107,"column":39}},"loc":{"start":{"line":107,"column":47},"end":{"line":107,"column":131}},"line":107},"18":{"name":"(anonymous_18)","decl":{"start":{"line":113,"column":15},"end":{"line":113,"column":16}},"loc":{"start":{"line":113,"column":21},"end":{"line":121,"column":3}},"line":113},"19":{"name":"(anonymous_19)","decl":{"start":{"line":116,"column":38},"end":{"line":116,"column":39}},"loc":{"start":{"line":116,"column":47},"end":{"line":116,"column":116}},"line":116},"20":{"name":"(anonymous_20)","decl":{"start":{"line":117,"column":39},"end":{"line":117,"column":40}},"loc":{"start":{"line":117,"column":48},"end":{"line":117,"column":99}},"line":117},"21":{"name":"(anonymous_21)","decl":{"start":{"line":118,"column":38},"end":{"line":118,"column":39}},"loc":{"start":{"line":118,"column":47},"end":{"line":118,"column":97}},"line":118},"22":{"name":"(anonymous_22)","decl":{"start":{"line":124,"column":18},"end":{"line":124,"column":19}},"loc":{"start":{"line":124,"column":24},"end":{"line":149,"column":3}},"line":124},"23":{"name":"(anonymous_23)","decl":{"start":{"line":127,"column":23},"end":{"line":127,"column":24}},"loc":{"start":{"line":127,"column":39},"end":{"line":143,"column":9}},"line":127},"24":{"name":"(anonymous_24)","decl":{"start":{"line":128,"column":22},"end":{"line":128,"column":23}},"loc":{"start":{"line":128,"column":52},"end":{"line":142,"column":11}},"line":128},"25":{"name":"(anonymous_25)","decl":{"start":{"line":152,"column":14},"end":{"line":152,"column":15}},"loc":{"start":{"line":152,"column":20},"end":{"line":195,"column":3}},"line":152},"26":{"name":"(anonymous_26)","decl":{"start":{"line":161,"column":25},"end":{"line":161,"column":26}},"loc":{"start":{"line":161,"column":36},"end":{"line":189,"column":11}},"line":161},"27":{"name":"(anonymous_27)","decl":{"start":{"line":168,"column":18},"end":{"line":168,"column":19}},"loc":{"start":{"line":168,"column":33},"end":{"line":171,"column":19}},"line":168},"28":{"name":"(anonymous_28)","decl":{"start":{"line":174,"column":18},"end":{"line":174,"column":19}},"loc":{"start":{"line":175,"column":20},"end":{"line":176,"column":49}},"line":175},"29":{"name":"(anonymous_29)","decl":{"start":{"line":185,"column":27},"end":{"line":185,"column":28}},"loc":{"start":{"line":185,"column":33},"end":{"line":185,"column":49}},"line":185},"30":{"name":"(anonymous_30)","decl":{"start":{"line":190,"column":38},"end":{"line":190,"column":39}},"loc":{"start":{"line":190,"column":47},"end":{"line":190,"column":126}},"line":190},"31":{"name":"(anonymous_31)","decl":{"start":{"line":196,"column":2},"end":{"line":196,"column":3}},"loc":{"start":{"line":196,"column":27},"end":{"line":207,"column":3}},"line":196},"32":{"name":"(anonymous_32)","decl":{"start":{"line":210,"column":2},"end":{"line":210,"column":3}},"loc":{"start":{"line":210,"column":11},"end":{"line":230,"column":3}},"line":210},"33":{"name":"(anonymous_33)","decl":{"start":{"line":222,"column":40},"end":{"line":222,"column":41}},"loc":{"start":{"line":222,"column":49},"end":{"line":222,"column":129}},"line":222},"34":{"name":"(anonymous_34)","decl":{"start":{"line":223,"column":41},"end":{"line":223,"column":42}},"loc":{"start":{"line":223,"column":50},"end":{"line":223,"column":130}},"line":223},"35":{"name":"(anonymous_35)","decl":{"start":{"line":224,"column":40},"end":{"line":224,"column":41}},"loc":{"start":{"line":224,"column":49},"end":{"line":224,"column":128}},"line":224}},"branchMap":{"0":{"loc":{"start":{"line":130,"column":12},"end":{"line":136,"column":13}},"type":"if","locations":[{"start":{"line":130,"column":12},"end":{"line":136,"column":13}},{"start":{"line":130,"column":12},"end":{"line":136,"column":13}}],"line":130},"1":{"loc":{"start":{"line":131,"column":25},"end":{"line":131,"column":64}},"type":"cond-expr","locations":[{"start":{"line":131,"column":35},"end":{"line":131,"column":44}},{"start":{"line":131,"column":47},"end":{"line":131,"column":64}}],"line":131},"2":{"loc":{"start":{"line":132,"column":19},"end":{"line":136,"column":13}},"type":"if","locations":[{"start":{"line":132,"column":19},"end":{"line":136,"column":13}},{"start":{"line":132,"column":19},"end":{"line":136,"column":13}}],"line":132},"3":{"loc":{"start":{"line":133,"column":25},"end":{"line":133,"column":62}},"type":"cond-expr","locations":[{"start":{"line":133,"column":35},"end":{"line":133,"column":48}},{"start":{"line":133,"column":51},"end":{"line":133,"column":62}}],"line":133},"4":{"loc":{"start":{"line":134,"column":19},"end":{"line":136,"column":13}},"type":"if","locations":[{"start":{"line":134,"column":19},"end":{"line":136,"column":13}},{"start":{"line":134,"column":19},"end":{"line":136,"column":13}}],"line":134},"5":{"loc":{"start":{"line":135,"column":25},"end":{"line":135,"column":60}},"type":"cond-expr","locations":[{"start":{"line":135,"column":35},"end":{"line":135,"column":42}},{"start":{"line":135,"column":45},"end":{"line":135,"column":60}}],"line":135},"6":{"loc":{"start":{"line":169,"column":20},"end":{"line":170,"column":50}},"type":"binary-expr","locations":[{"start":{"line":169,"column":20},"end":{"line":169,"column":48}},{"start":{"line":170,"column":25},"end":{"line":170,"column":50}}],"line":169},"7":{"loc":{"start":{"line":175,"column":20},"end":{"line":176,"column":49}},"type":"binary-expr","locations":[{"start":{"line":175,"column":20},"end":{"line":175,"column":49}},{"start":{"line":176,"column":23},"end":{"line":176,"column":49}}],"line":175},"8":{"loc":{"start":{"line":200,"column":4},"end":{"line":205,"column":5}},"type":"if","locations":[{"start":{"line":200,"column":4},"end":{"line":205,"column":5}},{"start":{"line":200,"column":4},"end":{"line":205,"column":5}}],"line":200},"9":{"loc":{"start":{"line":212,"column":6},"end":{"line":227,"column":8}},"type":"if","locations":[{"start":{"line":212,"column":6},"end":{"line":227,"column":8}},{"start":{"line":212,"column":6},"end":{"line":227,"column":8}}],"line":212}},"s":{"0":1,"1":1,"2":1,"3":1,"4":0,"5":0,"6":0,"7":0,"8":0,"9":0,"10":0,"11":0,"12":0,"13":0,"14":0,"15":0,"16":0,"17":0,"18":0,"19":0,"20":0,"21":0,"22":0,"23":0,"24":0,"25":0,"26":0,"27":0,"28":0,"29":0,"30":0,"31":0,"32":0,"33":0,"34":0,"35":0,"36":0,"37":0,"38":0,"39":0,"40":0,"41":0,"42":0,"43":0,"44":0,"45":0,"46":0,"47":0,"48":0,"49":0,"50":0,"51":0,"52":0,"53":0,"54":0,"55":0,"56":0,"57":0,"58":0,"59":1,"60":0,"61":0,"62":0,"63":0,"64":0,"65":0},"f":{"0":0,"1":0,"2":0,"3":0,"4":0,"5":0,"6":0,"7":0,"8":0,"9":0,"10":0,"11":0,"12":0,"13":0,"14":0,"15":0,"16":0,"17":0,"18":0,"19":0,"20":0,"21":0,"22":0,"23":0,"24":0,"25":0,"26":0,"27":0,"28":0,"29":0,"30":0,"31":0,"32":0,"33":0,"34":0,"35":0},"b":{"0":[0,0],"1":[0,0],"2":[0,0],"3":[0,0],"4":[0,0],"5":[0,0],"6":[0,0],"7":[0,0],"8":[0,0],"9":[0,0]},"_coverageSchema":"1a1c01bbd47fc00a2c39e90264f33305004495a9","hash":"eaadeff991bc50d94c13062a26ad30ad4cfa76c2"}
,"C:\\Users\\Geryon\\SeegmaV2\\src\\styles\\themeContext.js": {"path":"C:\\Users\\Geryon\\SeegmaV2\\src\\styles\\themeContext.js","statementMap":{"0":{"start":{"line":3,"column":28},"end":{"line":6,"column":2}}},"fnMap":{"0":{"name":"(anonymous_0)","decl":{"start":{"line":5,"column":15},"end":{"line":5,"column":16}},"loc":{"start":{"line":5,"column":21},"end":{"line":5,"column":23}},"line":5}},"branchMap":{},"s":{"0":1},"f":{"0":0},"b":{},"_coverageSchema":"1a1c01bbd47fc00a2c39e90264f33305004495a9","hash":"8dbe80e74ea25b6562c8db3b90ffffe42f2d1a03"}
}
